[14:25:32] [INIT] KubeJS 2001.6.5-build.16; MC 2001 forge
[14:25:32] [INIT] Loaded plugins:
[14:25:32] [INIT] - dev.latvian.mods.kubejs.forge.BuiltinKubeJSForgePlugin
[14:25:32] [INIT] - dev.latvian.mods.kubejs.forge.BuiltinKubeJSForgeClientPlugin
[14:25:32] [INIT] - com.lowdragmc.lowdraglib.kjs.LDLibKubeJSPlugin
[14:25:32] [INIT] - dev.ftb.mods.ftbxmodcompat.ftbquests.kubejs.KubeJSIntegration
[14:25:32] [INIT] - dev.ftb.mods.ftbxmodcompat.ftbchunks.kubejs.FTBChunksKubeJSPlugin
[14:25:32] [INIT] - dev.ftb.mods.ftbxmodcompat.ftbteams.kubejs.FTBTeamsKubeJSPlugin
[14:25:32] [INIT] - com.tom.createores.kubejs.KubeJSExcavation
[14:25:32] [INIT] - dev.latvian.mods.kubejs.create.KubeJSCreatePlugin
[14:25:32] [INIT] - com.oierbravo.createmechanicalextruder.compat.kubejs.KubeJSCreateMechanicalExtruderPlugin
[14:25:32] [INIT] - com.probejs.ProbeJSPlugin
[14:25:33] [INFO] example.js#5: Hello, World! (Loaded server scripts)
[14:25:33] [INFO] Loaded script server_scripts:example.js in 0.008 s
[14:25:33] [INFO] Loaded 1/1 KubeJS server scripts in 0.017 s with 0 errors and 0 warnings
[14:25:33] [INFO] Scripts loaded
[14:25:33] [INFO] Initializing recipe event...
[14:25:36] [INFO] Processing recipes...
[14:25:36] [WARN] Failed to parse recipe 'farmerscroptopia:rusticdelight_crafting/stuffed_bell_pepper_yellow[minecraft:crafting_shapeless]'! Falling back to vanilla: ItemStack 'result' can't be empty!
[14:25:36] [WARN] Failed to parse recipe 'tfmg:crafting/epic_party_light_bulb[minecraft:crafting_shaped]'! Falling back to vanilla: ItemStack 'result' can't be empty!
[14:25:36] [WARN] Failed to parse recipe 'farmerscroptopia:rusticdelight_crafting/coffee_braised_beef[minecraft:crafting_shapeless]'! Falling back to vanilla: ItemStack 'result' can't be empty!
[14:25:36] [WARN] Failed to parse recipe 'farmerscroptopia:seeddelight_crafting/roasted_beef_with_seed[minecraft:crafting_shapeless]'! Falling back to vanilla: ItemStack 'result' can't be empty!
[14:25:36] [WARN] Failed to parse recipe 'crabbersdelight:lanternfish_from_barrel[minecraft:crafting_shapeless]'! Falling back to vanilla: ItemStack 'result' can't be empty!
[14:25:36] [WARN] Failed to parse recipe 'farmerscroptopia:seeddelight_crafting/pinenut_gruel[minecraft:crafting_shapeless]'! Falling back to vanilla: ItemStack 'result' can't be empty!
[14:25:36] [WARN] Failed to parse recipe 'farmerscroptopia:seeddelight_crafting/rosehip_jam_jar[minecraft:crafting_shapeless]'! Falling back to vanilla: ItemStack 'result' can't be empty!
[14:25:36] [WARN] Failed to parse recipe 'farmerscroptopia:seeddelight_crafting/seed_tart[minecraft:crafting_shapeless]'! Falling back to vanilla: ItemStack 'result' can't be empty!
[14:25:36] [WARN] Failed to parse recipe 'farmerscroptopia:rusticdelight_crafting/stuffed_bell_pepper_green[minecraft:crafting_shapeless]'! Falling back to vanilla: ItemStack 'result' can't be empty!
[14:25:36] [WARN] Failed to parse recipe 'farmerscroptopia:seeddelight_crafting/cherry_pork[minecraft:crafting_shapeless]'! Falling back to vanilla: ItemStack 'result' can't be empty!
[14:25:36] [WARN] Failed to parse recipe 'farmerscroptopia:rusticdelight_crafting/batter[minecraft:crafting_shapeless]'! Falling back to vanilla: ItemStack 'result' can't be empty!
[14:25:36] [WARN] Failed to parse recipe 'farmerscroptopia:rusticdelight_crafting/stuffed_bell_pepper_red[minecraft:crafting_shapeless]'! Falling back to vanilla: ItemStack 'result' can't be empty!
[14:25:36] [WARN] Failed to parse recipe 'create_better_motors:blocks/reggarfoniteblock[minecraft:crafting_shaped]'! Falling back to vanilla: ItemStack 'result' can't be empty!
[14:25:36] [WARN] Failed to parse recipe 'farmerscroptopia:rusticdelight_crafting/fried_chicken[minecraft:crafting_shapeless]'! Falling back to vanilla: ItemStack 'result' can't be empty!
[14:25:36] [WARN] Failed to parse recipe 'farmerscroptopia:rusticdelight_crafting/bell_pepper_soup[minecraft:crafting_shapeless]'! Falling back to vanilla: ItemStack 'result' can't be empty!
[14:25:36] [WARN] Failed to parse recipe 'tfmg:crafting/glass_cable_connector[minecraft:crafting_shaped]'! Falling back to vanilla: ItemStack 'result' can't be empty!
[14:25:36] [WARN] Failed to parse recipe 'create_things_and_misc:netheriteportablewithlecraft[minecraft:smithing_transform]'! Falling back to vanilla: Ingredient 'template' can't be empty!
[14:25:36] [WARN] Failed to parse recipe 'farmerscroptopia:seeddelight_crafting/pinenut_with_meatballs[minecraft:crafting_shapeless]'! Falling back to vanilla: ItemStack 'result' can't be empty!
[14:25:36] [WARN] Failed to parse recipe 'seeddelight:m_cherry_ice_cream[minecraft:crafting_shapeless]'! Falling back to vanilla: ItemStack 'result' can't be empty!
[14:25:36] [WARN] Failed to parse recipe 'crabbersdelight:lanternfish_barrel[minecraft:crafting_shaped]'! Falling back to vanilla: ItemStack 'result' can't be empty!
[14:25:36] [WARN] Failed to parse recipe 'farmerscroptopia:rusticdelight_crafting/spring_rolls[minecraft:crafting_shapeless]'! Falling back to vanilla: ItemStack 'result' can't be empty!
[14:25:36] [WARN] Failed to parse recipe 'seadwellers:depth_helmet[minecraft:smithing_transform]'! Falling back to vanilla: Ingredient 'template' can't be empty!
[14:25:36] [WARN] Failed to parse recipe 'farmerscroptopia:rusticdelight_crafting/fruit_beignet[minecraft:crafting_shapeless]'! Falling back to vanilla: ItemStack 'result' can't be empty!
[14:25:36] [WARN] Failed to parse recipe 'create_things_and_misc:schematic_chair[minecraft:crafting_shaped]'! Falling back to vanilla: ItemStack 'result' can't be empty!
[14:25:36] [WARN] Failed to parse recipe 'tfmg:crafting/battery[minecraft:crafting_shaped]'! Falling back to vanilla: ItemStack 'result' can't be empty!
[14:25:36] [WARN] Failed to parse recipe 'farmerscroptopia:rusticdelight_crafting/fried_calamari[minecraft:crafting_shapeless]'! Falling back to vanilla: ItemStack 'result' can't be empty!
[14:25:36] [WARN] Failed to parse recipe 'farmerscroptopia:rusticdelight_crafting/cooking_oil[minecraft:crafting_shapeless]'! Falling back to vanilla: ItemStack 'result' can't be empty!
[14:25:36] [WARN] Failed to parse recipe 'farmerscroptopia:seeddelight_crafting/cherry_wine[minecraft:crafting_shapeless]'! Falling back to vanilla: ItemStack 'result' can't be empty!
[14:25:36] [WARN] Failed to parse recipe 'farmerscroptopia:seeddelight_crafting/cherry_jam_jar[minecraft:crafting_shapeless]'! Falling back to vanilla: ItemStack 'result' can't be empty!
[14:25:36] [WARN] Failed to parse recipe 'farmerscroptopia:rusticdelight_crafting/fried_mushrooms[minecraft:crafting_shapeless]'! Falling back to vanilla: ItemStack 'result' can't be empty!
[14:25:36] [WARN] Failed to parse recipe 'farmerscroptopia:seeddelight_crafting/stir_fried_cabbage_with_acorn_2[minecraft:crafting_shapeless]'! Falling back to vanilla: ItemStack 'result' can't be empty!
[14:25:36] [WARN] Failed to parse recipe 'farmerscroptopia:seeddelight_crafting/rosehip_tea[minecraft:crafting_shapeless]'! Falling back to vanilla: ItemStack 'result' can't be empty!
[14:25:36] [WARN] Failed to parse recipe 'borninchaosdelight:mint_lollipop[minecraft:crafting_shapeless]'! Falling back to vanilla: ItemStack 'result' can't be empty!
[14:25:36] [WARN] Failed to parse recipe 'tfmg:crafting/cast_iron_distillation_output[minecraft:crafting_shaped]'! Falling back to vanilla: ItemStack 'result' can't be empty!
[14:25:36] [WARN] Failed to parse recipe 'tfmg:stonecutting/caution_block[minecraft:stonecutting]'! Falling back to vanilla: ItemStack 'result' can't be empty!
[14:25:36] [WARN] Failed to parse recipe 'create_things_and_misc:copper_scaffolding_craft[minecraft:crafting_shaped]'! Falling back to vanilla: ItemStack 'result' can't be empty!
[14:25:36] [WARN] Failed to parse recipe 'seeddelight:m_acorn_bread[minecraft:crafting_shapeless]'! Falling back to vanilla: ItemStack 'result' can't be empty!
[14:25:36] [WARN] Failed to parse recipe 'farmerscroptopia:seeddelight_crafting/pine_needle_wine[minecraft:crafting_shapeless]'! Falling back to vanilla: ItemStack 'result' can't be empty!
[14:25:36] [WARN] Failed to parse recipe 'seeddelight:m_cherry_jam_sandwich[minecraft:crafting_shapeless]'! Falling back to vanilla: ItemStack 'result' can't be empty!
[14:25:36] [WARN] Failed to parse recipe 'farmerscroptopia:seeddelight_crafting/stir_fried_cabbage_with_acorn[minecraft:crafting_shapeless]'! Falling back to vanilla: ItemStack 'result' can't be empty!
[14:25:36] [WARN] Failed to parse recipe 'tfmg:mechanical_crafting/cast_iron_distillation_controller[create:mechanical_crafting]'! Falling back to vanilla: ItemStack 'result' can't be empty!
[14:25:36] [WARN] Failed to parse recipe 'farmerscroptopia:seeddelight_crafting/sunflower_seed_crisp[minecraft:crafting_shapeless]'! Falling back to vanilla: ItemStack 'result' can't be empty!
[14:25:36] [WARN] Failed to parse recipe 'tfmg:crafting/welding_machine[minecraft:crafting_shaped]'! Falling back to vanilla: ItemStack 'result' can't be empty!
[14:25:36] [WARN] Failed to parse recipe 'tfmg:mechanical_crafting/pumpjack_hammer_holder[create:mechanical_crafting]'! Falling back to vanilla: ItemStack 'result' can't be empty!
[14:25:36] [WARN] Failed to parse recipe 'borninchaosdelight:smokedfish_roll[minecraft:crafting_shapeless]'! Falling back to vanilla: ItemStack 'result' can't be empty!
[14:25:36] [WARN] Failed to parse recipe 'farmerscroptopia:rusticdelight_crafting/bell_pepper_pasta[minecraft:crafting_shapeless]'! Falling back to vanilla: ItemStack 'result' can't be empty!
[14:25:36] [WARN] Failed to parse recipe 'tfmg:stonecutting/caution_blocks/light_blue_caution_block[minecraft:stonecutting]'! Falling back to vanilla: ItemStack 'result' can't be empty!
[14:25:36] [WARN] Failed to parse recipe 'farmerscroptopia:seeddelight_crafting/seed_rosehip_pie[minecraft:crafting_shapeless]'! Falling back to vanilla: ItemStack 'result' can't be empty!
[14:25:36] [WARN] Failed to parse recipe 'farmerscroptopia:seeddelight_crafting/acorn_tofu[minecraft:crafting_shapeless]'! Falling back to vanilla: ItemStack 'result' can't be empty!
[14:25:36] [INFO] Found 17358 recipes in 186.5 ms
[14:25:36] [INFO] Posted recipe events in 9.705 ms
[14:25:36] [WARN] Error parsing recipe tfmg:crafting/glass_cable_connector[minecraft:crafting_shaped]: {"type":"minecraft:crafting_shaped","pattern":[" A ","GAG","GAG"],"key":{"A":{"tag":"forge:ingots/aluminum"},"g":{"item":"create:framed_glass"}},"result":{"item":"tfmg:flass_cable_connector","count":4}}: Pattern references symbol 'G' but it's not defined in the key
[14:25:36] [WARN] Error parsing recipe farmersrespite:emptying/water_cup[create:emptying]: {"type":"create:emptying","ingredients":[{"item":"miners_delight:water_cup"}],"results":[{"item":"miners_delight:copper_cup"},{"amount":250,"fluid":"minecraft:water"}]}: Unknown item 'miners_delight:water_cup'
[14:25:36] [WARN] Error parsing recipe farmerscroptopia:seeddelight_crafting/rosehip_tea[minecraft:crafting_shapeless]: {"forge:conditions":[{"type":"forge:mod_loaded","modid":"seeddelight"}],"type":"minecraft:crafting_shapeless","ingredients":[{"item":"croptopia:cooking_pot"},{"item":"seeddelight:rosehip"},{"item":"seeddelight:rosehip"},{"item":"minecraft:glass_bottle"}],"result":{"item":"seeddelight:rosehip_tea"}}: Unknown item 'seeddelight:rosehip'
[14:25:36] [WARN] Error parsing recipe tfmg:crafting/epic_party_light_bulb[minecraft:crafting_shaped]: {"type":"minecraft:crafting_shaped","pattern":[" G ","WEW"," A "],"key":{"G":{"item":"tfmg:lead_glass"},"A":{"item":"tfmg:plastic_sheet"},"E":{"item":"tfmg:rgb_light_bulb"},"W":{"tag":"forge:wires/aluminum"}},"result":{"item":"tfmg:epic_party_light_bulb","count":1}}: Unknown item 'tfmg:epic_party_light_bulb'
[14:25:36] [WARN] Error parsing recipe tfmg:colored_concrete/full_block/white_concrete_q[create:item_application]: {"type":"create:item_application","ingredients":[{"item":"tfmg:mesh_concrete"},{"item":"minecraft:white_dye"}],"results":[{"item":"tfmg:white_high_quality_concrete"}]}: Unknown item 'tfmg:mesh_concrete'
[14:25:36] [WARN] Error parsing recipe tfmg:colored_concrete/full_block/lime_concrete_q[create:item_application]: {"type":"create:item_application","ingredients":[{"item":"tfmg:mesh_concrete"},{"item":"minecraft:lime_dye"}],"results":[{"item":"tfmg:lime_high_quality_concrete"}]}: Unknown item 'tfmg:mesh_concrete'
[14:25:36] [WARN] Error parsing recipe tfmg:crafting/battery[minecraft:crafting_shaped]: {"type":"minecraft:crafting_shaped","pattern":["NGN","NSN","NCN"],"key":{"N":{"tag":"forge:ingots/lead"},"C":{"item":"tfmg:electric_casing"},"G":{"item":"tfmg:magnetic_ingot"},"S":{"item":"tfmg:sulfuric_acid_bucket"}},"result":{"item":"tfmg:battery","count":2}}: Unknown item 'tfmg:battery'
[14:25:36] [WARN] Error parsing recipe tfmg:crafting/welding_machine[minecraft:crafting_shaped]: {"type":"minecraft:crafting_shaped","pattern":["PSP","KCK","MRM"],"key":{"S":{"tag":"forge:ingots/steel"},"P":{"item":"tfmg:plastic_sheet"},"C":{"item":"tfmg:electric_casing"},"K":{"item":"tfmg:copper_cable"},"R":{"item":"tfmg:rebar"},"M":{"item":"tfmg:steel_mechanism"}},"result":{"item":"tfmg:welding_machine","count":1}}: Unknown item 'tfmg:welding_machine'
[14:25:36] [WARN] Error parsing recipe tfmg:colored_concrete/full_block/purple_concrete_q[create:item_application]: {"type":"create:item_application","ingredients":[{"item":"tfmg:mesh_concrete"},{"item":"minecraft:purple_dye"}],"results":[{"item":"tfmg:purple_high_quality_concrete"}]}: Unknown item 'tfmg:mesh_concrete'
[14:25:36] [WARN] Error parsing recipe farmerscroptopia:rusticdelight_crafting/stuffed_bell_pepper_yellow[minecraft:crafting_shapeless]: {"forge:conditions":[{"type":"forge:mod_loaded","modid":"rusticdelight"}],"type":"minecraft:crafting_shapeless","ingredients":[{"item":"croptopia:cooking_pot"},{"item":"rusticdelight:bell_pepper_yellow"},{"tag":"forge:grain/rice"},{"type":"forge:difference","base":{"tag":"farmersdelight:cabbage_roll_ingredients"},"subtracted":{"tag":"forge:vegetables/bell_pepper"}}],"result":{"item":"rusticdelight:stuffed_bell_pepper_yellow"}}: Unknown item 'rusticdelight:bell_pepper_yellow'
[14:25:36] [WARN] Error parsing recipe farmerscroptopia:seeddelight_crafting/roasted_beef_with_seed[minecraft:crafting_shapeless]: {"forge:conditions":[{"type":"forge:mod_loaded","modid":"seeddelight"}],"type":"minecraft:crafting_shapeless","ingredients":[{"item":"croptopia:cooking_pot"},{"item":"farmersdelight:minced_beef"},{"tag":"seeddelight:can_eat_seed"},{"tag":"seeddelight:can_eat_seed"},{"item":"minecraft:bowl"}],"result":{"item":"seeddelight:roasted_beef_with_seed"}}: Unknown item 'seeddelight:roasted_beef_with_seed'
[14:25:36] [WARN] Error parsing recipe tfmg:colored_concrete/full_block/pink_concrete[create:item_application]: {"type":"create:item_application","ingredients":[{"item":"tfmg:mesh_concrete"},{"item":"minecraft:_dye"}],"results":[{"item":"tfmg:_concrete"}]}: Unknown item 'tfmg:mesh_concrete'
[14:25:36] [WARN] Error parsing recipe farmerscroptopia:rusticdelight_crafting/fried_mushrooms[minecraft:crafting_shapeless]: {"forge:conditions":[{"type":"forge:mod_loaded","modid":"rusticdelight"}],"type":"minecraft:crafting_shapeless","ingredients":[{"item":"croptopia:cooking_pot"},{"tag":"rusticdelight:cooking_oil"},{"item":"minecraft:brown_mushroom"},{"item":"minecraft:red_mushroom"},{"tag":"forge:vegetables/onion"},{"item":"minecraft:bowl"}],"result":{"item":"rusticdelight:fried_mushrooms"}}: Unknown item 'rusticdelight:fried_mushrooms'
[14:25:36] [WARN] Error parsing recipe farmersrespite:filling/water_cup[create:filling]: {"type":"create:filling","ingredients":[{"item":"miners_delight:copper_cup"},{"amount":250,"fluid":"minecraft:water","nbt":{}}],"results":[{"item":"miners_delight:water_cup"}]}: Unknown item 'miners_delight:copper_cup'
[14:25:36] [WARN] Error parsing recipe createfood:farmersrespite/brewing/glow_berry_juice_bottle[farmersrespite:brewing]: {"conditions":[{"type":"forge:mod_loaded","modid":"farmersrespite"}],"type":"farmersrespite:brewing","ingredients":[{"item":"minecraft:glow_berries"},{"tag":"forge:sugar"}],"result":{"item":"createfood:glow_berry_juice_bottle"},"container":{"item":"minecraft:glass_bottle"},"experience":0.35,"brewingtime":2400,"needWater":"True"}: No base fluid for brewing recipe
[14:25:36] [WARN] Error parsing recipe farmerscroptopia:rusticdelight_crafting/coffee_braised_beef[minecraft:crafting_shapeless]: {"forge:conditions":[{"type":"forge:mod_loaded","modid":"rusticdelight"}],"type":"minecraft:crafting_shapeless","ingredients":[{"item":"croptopia:cooking_pot"},{"tag":"forge:raw_beef"},{"item":"rusticdelight:coffee"},{"tag":"forge:vegetables/carrot"},{"tag":"forge:vegetables/potato"},{"item":"minecraft:bowl"}],"result":{"item":"rusticdelight:coffee_braised_beef"}}: Unknown item 'rusticdelight:coffee'
[14:25:36] [WARN] Error parsing recipe farmerscroptopia:seeddelight_crafting/seed_tart[minecraft:crafting_shapeless]: {"forge:conditions":[{"type":"forge:mod_loaded","modid":"seeddelight"}],"type":"minecraft:crafting_shapeless","ingredients":[{"item":"croptopia:cooking_pot"},{"item":"seeddelight:sunflower_seed"},{"item":"seeddelight:acorn_kernel"},{"item":"seeddelight:pine_nut_kernel"},{"item":"farmersdelight:milk_bottle"},{"item":"minecraft:egg"},{"item":"farmersdelight:pie_crust"}],"result":{"count":4,"item":"seeddelight:seed_tart"}}: Unknown item 'seeddelight:sunflower_seed'
[14:25:36] [WARN] Error parsing recipe tfmg:colored_concrete/full_block/gray_concrete_q[create:item_application]: {"type":"create:item_application","ingredients":[{"item":"tfmg:mesh_concrete"},{"item":"minecraft:gray_dye"}],"results":[{"item":"tfmg:gray_high_quality_concrete"}]}: Unknown item 'tfmg:mesh_concrete'
[14:25:36] [WARN] Error parsing recipe tfmg:colored_concrete/full_block/yellow_concrete_q[create:item_application]: {"type":"create:item_application","ingredients":[{"item":"tfmg:mesh_concrete"},{"item":"minecraft:yellow_dye"}],"results":[{"item":"tfmg:yellow_high_quality_concrete"}]}: Unknown item 'tfmg:mesh_concrete'
[14:25:36] [WARN] Error parsing recipe tfmg:colored_concrete/full_block/red_concrete_q[create:item_application]: {"type":"create:item_application","ingredients":[{"item":"tfmg:mesh_concrete"},{"item":"minecraft:red_dye"}],"results":[{"item":"tfmg:red_high_quality_concrete"}]}: Unknown item 'tfmg:mesh_concrete'
[14:25:36] [WARN] Error parsing recipe borninchaosdelight:mint_lollipop[minecraft:crafting_shapeless]: {"type":"minecraft:crafting_shapeless","category":"misc","ingredients":[{"item":"born_in_chaos_v1:river_mint"},{"item":"born_in_chaos_v1:river_mint"},{"item":"minecraft:sugar"},{"item":"minecraft:ice"},{"item":"minecraft:ice"},{"item":"minecraft:stick"}],"result":{"item":"borninchaosdelight:mint_lollipop"}}: Unknown item 'borninchaosdelight:mint_lollipop'
[14:25:36] [WARN] Error parsing recipe farmerscroptopia:rusticdelight_crafting/batter[minecraft:crafting_shapeless]: {"forge:conditions":[{"type":"forge:mod_loaded","modid":"rusticdelight"}],"type":"minecraft:crafting_shapeless","ingredients":[{"item":"croptopia:cooking_pot"},{"tag":"forge:milk"},{"tag":"forge:eggs"},{"item":"minecraft:wheat"},{"item":"minecraft:wheat"},{"item":"minecraft:bowl"}],"result":{"count":2,"item":"rusticdelight:batter"}}: Unknown item 'rusticdelight:batter'
[14:25:36] [WARN] Error parsing recipe tfmg:crafting/cast_iron_distillation_output[minecraft:crafting_shaped]: {"type":"minecraft:crafting_shaped","pattern":["CHC","CHC","CHC"],"key":{"H":{"item":"tfmg:cast_iron_pipe"},"C":{"tag":"forge:ingots/cast_iron"}},"result":{"item":"tfmg:cast_iron_distillation_output","count":1}}: Unknown item 'tfmg:cast_iron_distillation_output'
[14:25:36] [WARN] Error parsing recipe seeddelight:cooking/cherry_pork[farmersdelight:cooking]: {"type":"farmersdelight:cooking","container":{"item":"minecraft:bowl"},"cookingtime":200,"experience":1.0,"ingredients":[{"item":"minecraft:porkchop"},{"tag":"forge:fruits/cherry"},{"tag":"forge:vegetables/onion"}],"recipe_book_tab":"meals","result":{"item":"seeddelight:cherry_pork"}}: Unknown item 'seeddelight:cherry_pork'
[14:25:36] [WARN] Error parsing recipe seeddelight:cooking/stir_fried_cabbage_with_acorn[farmersdelight:cooking]: {"type":"farmersdelight:cooking","container":{"item":"minecraft:bowl"},"cookingtime":200,"experience":1.0,"ingredients":[{"tag":"forge:cabbage"},{"tag":"forge:nuts/acorn"},{"item":"seeddelight:acorn"}],"recipe_book_tab":"meals","result":{"item":"seeddelight:stir_fried_cabbage_with_acorn"}}: Unknown item 'seeddelight:acorn'
[14:25:36] [WARN] Error parsing recipe farmerscroptopia:seeddelight_crafting/rosehip_jam_jar[minecraft:crafting_shapeless]: {"forge:conditions":[{"type":"forge:mod_loaded","modid":"seeddelight"}],"type":"minecraft:crafting_shapeless","ingredients":[{"item":"croptopia:cooking_pot"},{"item":"seeddelight:rosehip"},{"item":"seeddelight:rosehip"},{"item":"minecraft:sugar"},{"item":"minecraft:glass_bottle"}],"result":{"item":"seeddelight:rosehip_jam_jar"}}: Unknown item 'seeddelight:rosehip'
[14:25:36] [WARN] Error parsing recipe seeddelight:cooking/cherry_wine[farmersdelight:cooking]: {"type":"farmersdelight:cooking","container":{"item":"minecraft:glass_bottle"},"cookingtime":200,"experience":1.0,"ingredients":[{"tag":"forge:fruits/cherry"},{"tag":"forge:fruits/cherry"}],"recipe_book_tab":"meals","result":{"item":"seeddelight:cherry_wine"}}: Unknown item 'seeddelight:cherry_wine'
[14:25:36] [WARN] Error parsing recipe farmerscroptopia:rusticdelight_crafting/stuffed_bell_pepper_green[minecraft:crafting_shapeless]: {"forge:conditions":[{"type":"forge:mod_loaded","modid":"rusticdelight"}],"type":"minecraft:crafting_shapeless","ingredients":[{"item":"croptopia:cooking_pot"},{"item":"rusticdelight:bell_pepper_green"},{"tag":"forge:grain/rice"},{"type":"forge:difference","base":{"tag":"farmersdelight:cabbage_roll_ingredients"},"subtracted":{"tag":"forge:vegetables/bell_pepper"}}],"result":{"item":"rusticdelight:stuffed_bell_pepper_green"}}: Unknown item 'rusticdelight:bell_pepper_green'
[14:25:36] [WARN] Error parsing recipe farmerscroptopia:seeddelight_crafting/pinenut_with_meatballs[minecraft:crafting_shapeless]: {"forge:conditions":[{"type":"forge:mod_loaded","modid":"seeddelight"}],"type":"minecraft:crafting_shapeless","ingredients":[{"item":"croptopia:cooking_pot"},{"item":"farmersdelight:minced_beef"},{"item":"seeddelight:pine_nut_kernel"},{"item":"seeddelight:pine_nut_kernel"},{"item":"minecraft:bowl"}],"result":{"item":"seeddelight:pinenut_with_meatballs"}}: Unknown item 'seeddelight:pine_nut_kernel'
[14:25:36] [WARN] Error parsing recipe farmerscroptopia:seeddelight_crafting/cherry_wine[minecraft:crafting_shapeless]: {"forge:conditions":[{"type":"forge:mod_loaded","modid":"seeddelight"}],"type":"minecraft:crafting_shapeless","ingredients":[{"item":"croptopia:cooking_pot"},{"tag":"forge:fruits/cherry"},{"tag":"forge:fruits/cherry"},{"item":"minecraft:glass_bottle"}],"result":{"item":"seeddelight:cherry_wine"}}: Unknown item 'seeddelight:cherry_wine'
[14:25:36] [WARN] Error parsing recipe createfood:farmersrespite/brewing/chorus_fruit_juice_bottle[farmersrespite:brewing]: {"conditions":[{"type":"forge:mod_loaded","modid":"farmersrespite"}],"type":"farmersrespite:brewing","ingredients":[{"tag":"forge:chorus_fruit"},{"tag":"forge:sugar"}],"result":{"item":"createfood:chorus_fruit_juice_bottle"},"container":{"item":"minecraft:glass_bottle"},"experience":0.35,"brewingtime":2400,"needWater":"True"}: No base fluid for brewing recipe
[14:25:36] [WARN] Error parsing recipe farmerscroptopia:seeddelight_crafting/cherry_pork[minecraft:crafting_shapeless]: {"forge:conditions":[{"type":"forge:mod_loaded","modid":"seeddelight"}],"type":"minecraft:crafting_shapeless","ingredients":[{"item":"croptopia:cooking_pot"},{"item":"minecraft:porkchop"},{"tag":"forge:fruits/cherry"},{"tag":"forge:vegetables/onion"},{"item":"minecraft:bowl"}],"result":{"item":"seeddelight:cherry_pork"}}: Unknown item 'seeddelight:cherry_pork'
[14:25:36] [WARN] Error parsing recipe crabbersdelight:lanternfish_from_barrel[minecraft:crafting_shapeless]: {"type":"minecraft:crafting_shapeless","category":"misc","ingredients":[{"item":"crabbersdelight:lanternfish_barrel"}],"result":{"count":9,"item":"sullysmod:lanternfish"}}: Unknown item 'crabbersdelight:lanternfish_barrel'
[14:25:36] [WARN] Error parsing recipe farmerscroptopia:rusticdelight_crafting/bell_pepper_soup[minecraft:crafting_shapeless]: {"forge:conditions":[{"type":"forge:mod_loaded","modid":"rusticdelight"}],"type":"minecraft:crafting_shapeless","ingredients":[{"item":"croptopia:cooking_pot"},{"tag":"forge:vegetables/bell_pepper"},{"tag":"forge:vegetables/bell_pepper"},{"tag":"forge:vegetables/bell_pepper"},{"tag":"forge:vegetables/bell_pepper"},{"item":"minecraft:bowl"}],"result":{"item":"rusticdelight:bell_pepper_soup"}}: Unknown item 'rusticdelight:bell_pepper_soup'
[14:25:36] [WARN] Error parsing recipe tfmg:colored_concrete/full_block/cyan_concrete_q[create:item_application]: {"type":"create:item_application","ingredients":[{"item":"tfmg:mesh_concrete"},{"item":"minecraft:cyan_dye"}],"results":[{"item":"tfmg:cyan_high_quality_concrete"}]}: Unknown item 'tfmg:mesh_concrete'
[14:25:36] [WARN] Error parsing recipe farmerscroptopia:rusticdelight_crafting/fruit_beignet[minecraft:crafting_shapeless]: {"forge:conditions":[{"type":"forge:mod_loaded","modid":"rusticdelight"}],"type":"minecraft:crafting_shapeless","ingredients":[{"item":"croptopia:cooking_pot"},{"tag":"rusticdelight:cooking_oil"},{"tag":"forge:dough"},{"tag":"forge:berries"},{"item":"minecraft:sugar"}],"result":{"item":"rusticdelight:fruit_beignet"}}: Unknown item 'rusticdelight:fruit_beignet'
[14:25:36] [WARN] Error parsing recipe farmerscroptopia:seeddelight_crafting/pinenut_gruel[minecraft:crafting_shapeless]: {"forge:conditions":[{"type":"forge:mod_loaded","modid":"seeddelight"}],"type":"minecraft:crafting_shapeless","ingredients":[{"item":"croptopia:cooking_pot"},{"item":"farmersdelight:rice"},{"item":"seeddelight:pine_nut_kernel"},{"item":"minecraft:bowl"}],"result":{"item":"seeddelight:pinenut_gruel"}}: Unknown item 'seeddelight:pine_nut_kernel'
[14:25:36] [WARN] Error parsing recipe farmerscroptopia:seeddelight_crafting/cherry_jam_jar[minecraft:crafting_shapeless]: {"forge:conditions":[{"type":"forge:mod_loaded","modid":"seeddelight"}],"type":"minecraft:crafting_shapeless","ingredients":[{"item":"croptopia:cooking_pot"},{"tag":"forge:fruits/cherry"},{"tag":"forge:fruits/cherry"},{"item":"minecraft:sugar"},{"item":"minecraft:glass_bottle"}],"result":{"item":"seeddelight:cherry_jam_jar"}}: Unknown item 'seeddelight:cherry_jam_jar'
[14:25:36] [WARN] Error parsing recipe farmerscroptopia:seeddelight_crafting/stir_fried_cabbage_with_acorn_2[minecraft:crafting_shapeless]: {"forge:conditions":[{"type":"forge:mod_loaded","modid":"seeddelight"}],"type":"minecraft:crafting_shapeless","ingredients":[{"item":"croptopia:cooking_pot"},{"item":"farmersdelight:cabbage_leaf"},{"item":"farmersdelight:cabbage_leaf"},{"item":"seeddelight:acorn"},{"item":"seeddelight:acorn"},{"item":"minecraft:bowl"}],"result":{"item":"seeddelight:stir_fried_cabbage_with_acorn"}}: Unknown item 'seeddelight:acorn'
[14:25:36] [WARN] Error parsing recipe create_things_and_misc:schematic_chair[minecraft:crafting_shaped]: {"type":"minecraft:crafting_shaped","category":"misc","pattern":["012"," 4 "],"key":{"0":{"tag":"minecraft:wooden_slabs"},"1":{"tag":"minecraft:wooden_slabs"},"2":{"tag":"minecraft:wooden_slabs"},"4":{"item":"minecraft:smooth_stone"}},"result":{"item":"create_things_and_misc:deleted_mod_element","count":1}}: Unknown item 'create_things_and_misc:deleted_mod_element'
[14:25:36] [WARN] Error parsing recipe createfood:farmersrespite/brewing/berry_juice_bottle[farmersrespite:brewing]: {"conditions":[{"type":"forge:mod_loaded","modid":"farmersrespite"}],"type":"farmersrespite:brewing","ingredients":[{"item":"minecraft:sweet_berries"},{"tag":"forge:sugar"}],"result":{"item":"createfood:berry_juice_bottle"},"container":{"item":"minecraft:glass_bottle"},"experience":0.35,"brewingtime":2400,"needWater":"True"}: No base fluid for brewing recipe
[14:25:36] [WARN] Error parsing recipe farmerscroptopia:rusticdelight_crafting/stuffed_bell_pepper_red[minecraft:crafting_shapeless]: {"forge:conditions":[{"type":"forge:mod_loaded","modid":"rusticdelight"}],"type":"minecraft:crafting_shapeless","ingredients":[{"item":"croptopia:cooking_pot"},{"item":"rusticdelight:bell_pepper_red"},{"tag":"forge:grain/rice"},{"type":"forge:difference","base":{"tag":"farmersdelight:cabbage_roll_ingredients"},"subtracted":{"tag":"forge:vegetables/bell_pepper"}}],"result":{"item":"rusticdelight:stuffed_bell_pepper_red"}}: Unknown item 'rusticdelight:bell_pepper_red'
[14:25:36] [WARN] Error parsing recipe tfmg:colored_concrete/full_block/orange_concrete_q[create:item_application]: {"type":"create:item_application","ingredients":[{"item":"tfmg:mesh_concrete"},{"item":"minecraft:orange_dye"}],"results":[{"item":"tfmg:orange_high_quality_concrete"}]}: Unknown item 'tfmg:mesh_concrete'
[14:25:36] [WARN] Error parsing recipe tfmg:colored_concrete/full_block/green_concrete_q[create:item_application]: {"type":"create:item_application","ingredients":[{"item":"tfmg:mesh_concrete"},{"item":"minecraft:green_dye"}],"results":[{"item":"tfmg:green_high_quality_concrete"}]}: Unknown item 'tfmg:mesh_concrete'
[14:25:36] [WARN] Error parsing recipe tfmg:colored_concrete/full_block/pink_concrete_q[create:item_application]: {"type":"create:item_application","ingredients":[{"item":"tfmg:mesh_concrete"},{"item":"minecraft:pink_dye"}],"results":[{"item":"tfmg:pink_high_quality_concrete"}]}: Unknown item 'tfmg:mesh_concrete'
[14:25:36] [WARN] Error parsing recipe tfmg:colored_concrete/full_block/light_gray_concrete_q[create:item_application]: {"type":"create:item_application","ingredients":[{"item":"tfmg:mesh_concrete"},{"item":"minecraft:light_gray_dye"}],"results":[{"item":"tfmg:light_gray_high_quality_concrete"}]}: Unknown item 'tfmg:mesh_concrete'
[14:25:36] [WARN] Error parsing recipe farmerscroptopia:rusticdelight_crafting/fried_calamari[minecraft:crafting_shapeless]: {"forge:conditions":[{"type":"forge:mod_loaded","modid":"rusticdelight"}],"type":"minecraft:crafting_shapeless","ingredients":[{"item":"croptopia:cooking_pot"},{"tag":"rusticdelight:cooking_oil"},{"item":"rusticdelight:batter"},{"tag":"forge:raw_fishes/calamari"},{"tag":"forge:vegetables/tomato"},{"item":"minecraft:bowl"}],"result":{"item":"rusticdelight:fried_calamari"}}: Unknown item 'rusticdelight:batter'
[14:25:36] [WARN] Error parsing recipe alexsdelight:barbecue_on_a_stick[minecraft:crafting_shapeless]: {"group":"barbecue_stick","type":"minecraft:crafting_shapeless","ingredients":[{"item":"farmersdelight:tomato"},{"item":"farmersdelight:onion"},{"item":"amfd:singular_cooked_moose_rib"},{"item":"minecraft:cooked_chicken"},{"item":"minecraft:stick"},{"item":"minecraft:stick"}],"result":{"item":"farmersdelight:barbecue_stick","count":2}}: Unknown item 'amfd:singular_cooked_moose_rib'
[14:25:36] [WARN] Error parsing recipe seeddelight:m_cherry_ice_cream[minecraft:crafting_shapeless]: {"type":"minecraft:crafting_shapeless","category":"misc","ingredients":[{"item":"minecraft:bowl"},{"tag":"forge:fruits/cherry"},{"tag":"forge:milk"},{"item":"minecraft:ice"},{"item":"minecraft:sugar"}],"result":{"item":"seeddelight:cherry_ice_cream","count":1}}: Unknown item 'seeddelight:cherry_ice_cream'
[14:25:36] [WARN] Error parsing recipe tfmg:mechanical_crafting/pumpjack_hammer_holder[create:mechanical_crafting]: {"type":"create:mechanical_crafting","pattern":["SSSSB"," AT B"],"key":{"A":{"item":"tfmg:screw"},"T":{"item":"tfmg:steel_truss"},"B":{"item":"tfmg:steel_block"},"S":{"tag":"forge:ingots/steel"}},"result":{"item":"tfmg:pumpjack_hammer_holder"},"acceptMirrored":true}: Unknown item 'tfmg:pumpjack_hammer_holder'
[14:25:36] [WARN] Error parsing recipe farmerscroptopia:rusticdelight_crafting/cooking_oil[minecraft:crafting_shapeless]: {"forge:conditions":[{"type":"forge:mod_loaded","modid":"rusticdelight"}],"type":"minecraft:crafting_shapeless","ingredients":[{"item":"croptopia:cooking_pot"},{"tag":"rusticdelight:cooking_oil_ingredients"},{"tag":"rusticdelight:cooking_oil_ingredients"},{"tag":"rusticdelight:cooking_oil_ingredients"},{"tag":"rusticdelight:cooking_oil_ingredients"},{"tag":"rusticdelight:cooking_oil_ingredients"},{"tag":"rusticdelight:cooking_oil_ingredients"},{"item":"minecraft:glass_bottle"}],"result":{"count":2,"item":"rusticdelight:cooking_oil"}}: Unknown item 'rusticdelight:cooking_oil'
[14:25:36] [WARN] Error parsing recipe create_better_motors:blocks/reggarfoniteblock[minecraft:crafting_shaped]: {"type":"minecraft:crafting_shaped","category":"building","key":{"c":{"item":"create_better_motors:reggarfonite_gem"}},"pattern":["ccc","ccc","ccc"],"result":{"count":1,"item":"create_better_motors:reggarfoniteblock"},"show_notification":true}: Unknown item 'create_better_motors:reggarfoniteblock'
[14:25:36] [WARN] Error parsing recipe borninchaosdelight:smokedfish_roll[minecraft:crafting_shapeless]: {"type":"minecraft:crafting_shapeless","category":"misc","ingredients":[{"item":"born_in_chaos_v1:smoked_monster_fish"},{"item":"born_in_chaos_v1:smoked_monster_fish"},{"item":"farmersdelight:cooked_rice"}],"result":{"count":2,"item":"borninchaosdelight:lanternfish_roll"}}: Unknown item 'born_in_chaos_v1:smoked_monster_fish'
[14:25:36] [WARN] Error parsing recipe tfmg:colored_concrete/full_block/magenta_concrete_q[create:item_application]: {"type":"create:item_application","ingredients":[{"item":"tfmg:mesh_concrete"},{"item":"minecraft:magenta_dye"}],"results":[{"item":"tfmg:magenta_high_quality_concrete"}]}: Unknown item 'tfmg:mesh_concrete'
[14:25:36] [WARN] Error parsing recipe farmerscroptopia:rusticdelight_crafting/fried_chicken[minecraft:crafting_shapeless]: {"forge:conditions":[{"type":"forge:mod_loaded","modid":"rusticdelight"}],"type":"minecraft:crafting_shapeless","ingredients":[{"item":"croptopia:cooking_pot"},{"tag":"rusticdelight:cooking_oil"},{"item":"rusticdelight:batter"},{"tag":"forge:raw_chicken"},{"tag":"forge:vegetables/onion"},{"item":"minecraft:bowl"}],"result":{"item":"rusticdelight:fried_chicken"}}: Unknown item 'rusticdelight:batter'
[14:25:36] [WARN] Error parsing recipe tfmg:colored_concrete/full_block/black_concrete_q[create:item_application]: {"type":"create:item_application","ingredients":[{"item":"tfmg:mesh_concrete"},{"item":"minecraft:black_dye"}],"results":[{"item":"tfmg:black_high_quality_concrete"}]}: Unknown item 'tfmg:mesh_concrete'
[14:25:36] [WARN] Error parsing recipe farmerscroptopia:seeddelight_crafting/seed_rosehip_pie[minecraft:crafting_shapeless]: {"forge:conditions":[{"type":"forge:mod_loaded","modid":"seeddelight"}],"type":"minecraft:crafting_shapeless","ingredients":[{"item":"croptopia:cooking_pot"},{"tag":"seeddelight:cant_eat_seed"},{"tag":"seeddelight:cant_eat_seed"},{"item":"minecraft:wheat"},{"item":"seeddelight:rosehip"}],"result":{"item":"seeddelight:seed_rosehip_pie"}}: Unknown item 'seeddelight:rosehip'
[14:25:36] [WARN] Error parsing recipe tfmg:mechanical_crafting/cast_iron_distillation_controller[create:mechanical_crafting]: {"type":"create:mechanical_crafting","pattern":["HIH","HEH","HCH"],"key":{"E":{"item":"create:electron_tube"},"I":{"item":"tfmg:cast_iron_pipe"},"H":{"tag":"forge:ingots/cast_iron"},"C":{"item":"tfmg:steel_mechanism"}},"result":{"item":"tfmg:cast_iron_distillation_controller"},"acceptMirrored":true}: Unknown item 'tfmg:cast_iron_distillation_controller'
[14:25:36] [WARN] Error parsing recipe farmerscroptopia:seeddelight_crafting/acorn_tofu[minecraft:crafting_shapeless]: {"forge:conditions":[{"type":"forge:mod_loaded","modid":"seeddelight"}],"type":"minecraft:crafting_shapeless","ingredients":[{"item":"croptopia:cooking_pot"},{"item":"seeddelight:acorn_kernel"},{"item":"seeddelight:acorn_kernel"},{"item":"seeddelight:acorn_kernel"},{"item":"seeddelight:acorn_kernel"},{"item":"seeddelight:acorn_kernel"}],"result":{"item":"seeddelight:acorn_tofu"}}: Unknown item 'seeddelight:acorn_kernel'
[14:25:36] [WARN] Error parsing recipe farmerscroptopia:rusticdelight_crafting/bell_pepper_pasta[minecraft:crafting_shapeless]: {"forge:conditions":[{"type":"forge:mod_loaded","modid":"rusticdelight"}],"type":"minecraft:crafting_shapeless","ingredients":[{"item":"croptopia:cooking_pot"},{"tag":"forge:pasta"},{"item":"rusticdelight:bell_pepper_green"},{"item":"rusticdelight:bell_pepper_yellow"},{"item":"rusticdelight:bell_pepper_red"},{"item":"minecraft:bowl"}],"result":{"item":"rusticdelight:bell_pepper_pasta"}}: Unknown item 'rusticdelight:bell_pepper_green'
[14:25:36] [WARN] Error parsing recipe seeddelight:m_acorn_bread[minecraft:crafting_shapeless]: {"type":"minecraft:crafting_shapeless","category":"misc","ingredients":[{"item":"minecraft:wheat"},{"item":"minecraft:wheat"},{"item":"seeddelight:acorn_kernel"},{"item":"seeddelight:acorn_kernel"}],"result":{"item":"seeddelight:acorn_bread","count":1}}: Unknown item 'seeddelight:acorn_kernel'
[14:25:36] [WARN] Error parsing recipe farmerscroptopia:seeddelight_crafting/sunflower_seed_crisp[minecraft:crafting_shapeless]: {"forge:conditions":[{"type":"forge:mod_loaded","modid":"seeddelight"}],"type":"minecraft:crafting_shapeless","ingredients":[{"item":"croptopia:cooking_pot"},{"item":"seeddelight:sunflower_seed"},{"item":"seeddelight:sunflower_seed"},{"item":"minecraft:wheat"},{"item":"minecraft:sugar"}],"result":{"count":5,"item":"seeddelight:sunflower_seed_crisp"}}: Unknown item 'seeddelight:sunflower_seed'
[14:25:36] [WARN] Error parsing recipe tfmg:colored_concrete/full_block/blue_concrete_q[create:item_application]: {"type":"create:item_application","ingredients":[{"item":"tfmg:mesh_concrete"},{"item":"minecraft:blue_dye"}],"results":[{"item":"tfmg:blue_high_quality_concrete"}]}: Unknown item 'tfmg:mesh_concrete'
[14:25:36] [WARN] Error parsing recipe create_things_and_misc:copper_scaffolding_craft[minecraft:crafting_shaped]: {"type":"minecraft:crafting_shaped","category":"misc","pattern":["012","3 5","6 8"],"key":{"0":{"item":"minecraft:copper_ingot"},"1":{"item":"minecraft:string"},"2":{"item":"minecraft:copper_ingot"},"3":{"item":"minecraft:copper_ingot"},"5":{"item":"minecraft:copper_ingot"},"6":{"item":"minecraft:copper_ingot"},"8":{"item":"minecraft:copper_ingot"}},"result":{"item":"create_things_and_misc:deleted_mod_element","count":6}}: Unknown item 'create_things_and_misc:deleted_mod_element'
[14:25:36] [WARN] Error parsing recipe farmerscroptopia:seeddelight_crafting/stir_fried_cabbage_with_acorn[minecraft:crafting_shapeless]: {"forge:conditions":[{"type":"forge:mod_loaded","modid":"seeddelight"}],"type":"minecraft:crafting_shapeless","ingredients":[{"item":"croptopia:cooking_pot"},{"item":"farmersdelight:cabbage"},{"item":"seeddelight:acorn"},{"item":"seeddelight:acorn"},{"item":"minecraft:bowl"}],"result":{"item":"seeddelight:stir_fried_cabbage_with_acorn"}}: Unknown item 'seeddelight:acorn'
[14:25:36] [WARN] Error parsing recipe tfmg:colored_concrete/full_block/brown_concrete_q[create:item_application]: {"type":"create:item_application","ingredients":[{"item":"tfmg:mesh_concrete"},{"item":"minecraft:brown_dye"}],"results":[{"item":"tfmg:brown_high_quality_concrete"}]}: Unknown item 'tfmg:mesh_concrete'
[14:25:36] [WARN] Error parsing recipe crabbersdelight:lanternfish_barrel[minecraft:crafting_shaped]: {"type":"minecraft:crafting_shaped","category":"building","key":{"#":{"item":"sullysmod:lanternfish"}},"pattern":["###","###","###"],"result":{"item":"crabbersdelight:lanternfish_barrel"},"show_notification":true}: Unknown item 'sullysmod:lanternfish'
[14:25:36] [WARN] Error parsing recipe tfmg:colored_concrete/full_block/light_blue_concrete_q[create:item_application]: {"type":"create:item_application","ingredients":[{"item":"tfmg:mesh_concrete"},{"item":"minecraft:light_blue_dye"}],"results":[{"item":"tfmg:light_blue_high_quality_concrete"}]}: Unknown item 'tfmg:mesh_concrete'
[14:25:36] [WARN] Error parsing recipe farmerscroptopia:rusticdelight_crafting/spring_rolls[minecraft:crafting_shapeless]: {"forge:conditions":[{"type":"forge:mod_loaded","modid":"rusticdelight"}],"type":"minecraft:crafting_shapeless","ingredients":[{"item":"croptopia:cooking_pot"},{"tag":"rusticdelight:cooking_oil"},{"tag":"forge:dough"},{"tag":"forge:salad_ingredients"},{"tag":"farmersdelight:cabbage_roll_ingredients"}],"result":{"count":2,"item":"rusticdelight:spring_rolls"}}: Unknown item 'rusticdelight:spring_rolls'
[14:25:36] [WARN] Error parsing recipe farmerscroptopia:seeddelight_crafting/pine_needle_wine[minecraft:crafting_shapeless]: {"forge:conditions":[{"type":"forge:mod_loaded","modid":"seeddelight"}],"type":"minecraft:crafting_shapeless","ingredients":[{"item":"croptopia:cooking_pot"},{"item":"seeddelight:pinecone"},{"item":"seeddelight:pinecone"},{"item":"minecraft:sugar"},{"item":"minecraft:glass_bottle"}],"result":{"item":"seeddelight:pine_needle_wine"}}: Unknown item 'seeddelight:pinecone'
[14:25:36] [WARN] Error parsing recipe seeddelight:cooking/cherry_jam_jar[farmersdelight:cooking]: {"type":"farmersdelight:cooking","container":{"item":"minecraft:glass_bottle"},"cookingtime":200,"experience":1.0,"ingredients":[{"tag":"forge:fruits/cherry"},{"tag":"forge:fruits/cherry"},{"item":"minecraft:sugar"}],"recipe_book_tab":"meals","result":{"item":"seeddelight:cherry_jam_jar"}}: Unknown item 'seeddelight:cherry_jam_jar'
[14:25:36] [WARN] Error parsing recipe seeddelight:m_cherry_jam_sandwich[minecraft:crafting_shapeless]: {"type":"minecraft:crafting_shapeless","category":"misc","ingredients":[{"tag":"forge:bread"},{"item":"seeddelight:cherry_jam_jar"},{"tag":"forge:bread"}],"result":{"item":"seeddelight:cherry_jam_sandwich","count":2}}: Unknown item 'seeddelight:cherry_jam_jar'
[14:25:36] [WARN] Error parsing recipe farmersrespite:pouring/water_cup[farmersrespite:kettle_pouring]: {"type":"farmersrespite:kettle_pouring","amount":250,"container":{"item":"miners_delight:copper_cup"},"fluid":"minecraft:water","output":{"item":"miners_delight:water_cup"}}: Unknown item 'miners_delight:copper_cup'
[14:25:36] [WARN] Error parsing recipe createfood:farmersrespite/brewing/apple_juice_bottle[farmersrespite:brewing]: {"conditions":[{"type":"forge:mod_loaded","modid":"farmersrespite"}],"type":"farmersrespite:brewing","ingredients":[{"tag":"forge:apple"},{"tag":"forge:sugar"}],"result":{"item":"createfood:apple_juice_bottle"},"container":{"item":"minecraft:glass_bottle"},"experience":0.35,"brewingtime":2400,"needWater":"True"}: No base fluid for brewing recipe
[14:25:36] [INFO] Added 0 recipes, removed 100 recipes, modified 4 recipes, with 74 failed recipes in 135.6 ms
[14:25:39] [INFO] Server resource reload complete!
