[12:21:59] [main/INFO]: ModLauncher running: args [--username, Gyomci, --version, forge-47.4.0, --gameDir, D:\curseforge_minecraft\Instances\Build my world, --assetsDir, D:\curseforge_minecraft\Install\assets, --assetIndex, 5, --uuid, facba8e826bb4e769390fd76512c428e, --accessToken, ????????, --clientId, fa9276-9f00cd-7c69fa-c5490c-ae1602, --xuid, 2535449832448927, --userType, msa, --versionType, release, --width, 1024, --height, 768, --launchTarget, forgeclient, --fml.forgeVersion, 47.4.0, --fml.mcVersion, 1.20.1, --fml.forgeGroup, net.minecraftforge, --fml.mcpVersion, 20230612.114412]
[12:21:59] [main/INFO]: ModLauncher 10.0.9+10.0.9+main.dcd20f30 starting: java version 17.0.8 by Eclipse Adoptium; OS Windows 10 arch amd64 version 10.0
[12:22:01] [main/INFO]: Loading ImmediateWindowProvider fmlearlywindow
[12:22:01] [main/INFO]: Trying GL version 4.6
[12:22:01] [main/INFO]: Requested GL version 4.6 got version 4.6
[12:22:01] [main/INFO]: SpongePowered MIXIN Subsystem Version=0.8.5 Source=union:/D:/curseforge_minecraft/Install/libraries/org/spongepowered/mixin/0.8.5/mixin-0.8.5.jar%23100!/ Service=ModLauncher Env=CLIENT
[12:22:01] [pool-2-thread-1/INFO]: GL info: AMD Radeon RX 6900 XT GL version 4.6.0 Core Profile Context 24.12.1.241127, ATI Technologies Inc.
[12:22:01] [main/INFO]: Found mod file accessories-neoforge-1.0.0-beta.46+1.20.1.jar of type MOD with provider {mods folder locator at D:\curseforge_minecraft\Instances\Build my world\mods}
[12:22:01] [main/INFO]: Found mod file aether-1.20.1-1.5.2-neoforge.jar of type MOD with provider {mods folder locator at D:\curseforge_minecraft\Instances\Build my world\mods}
[12:22:01] [main/INFO]: Found mod file aether_delight_1.0.0_forge_1.20.1.jar of type MOD with provider {mods folder locator at D:\curseforge_minecraft\Instances\Build my world\mods}
[12:22:01] [main/INFO]: Found mod file AetherVillages-1.20.1-1.0.7-forge.jar of type MOD with provider {mods folder locator at D:\curseforge_minecraft\Instances\Build my world\mods}
[12:22:01] [main/INFO]: Found mod file AI-Improvements-1.20-0.5.2.jar of type MOD with provider {mods folder locator at D:\curseforge_minecraft\Instances\Build my world\mods}
[12:22:01] [main/INFO]: Found mod file AkashicTome-1.7-27.jar of type MOD with provider {mods folder locator at D:\curseforge_minecraft\Instances\Build my world\mods}
[12:22:01] [main/INFO]: Found mod file alexsdelight-1.5.jar of type MOD with provider {mods folder locator at D:\curseforge_minecraft\Instances\Build my world\mods}
[12:22:01] [main/INFO]: Found mod file alexsmobs-1.22.9.jar of type MOD with provider {mods folder locator at D:\curseforge_minecraft\Instances\Build my world\mods}
[12:22:01] [main/INFO]: Found mod file amendments-1.20-1.2.19.jar of type MOD with provider {mods folder locator at D:\curseforge_minecraft\Instances\Build my world\mods}
[12:22:01] [main/INFO]: Found mod file appleskin-forge-mc1.20.1-2.5.1.jar of type MOD with provider {mods folder locator at D:\curseforge_minecraft\Instances\Build my world\mods}
[12:22:01] [main/INFO]: Found mod file Aquaculture-1.20.1-2.5.5.jar of type MOD with provider {mods folder locator at D:\curseforge_minecraft\Instances\Build my world\mods}
[12:22:01] [main/INFO]: Found mod file aquaculturedelight-1.1.1-forge-1.20.1.jar of type MOD with provider {mods folder locator at D:\curseforge_minecraft\Instances\Build my world\mods}
[12:22:01] [main/INFO]: Found mod file aquamirae-6.API15.jar of type MOD with provider {mods folder locator at D:\curseforge_minecraft\Instances\Build my world\mods}
[12:22:01] [main/INFO]: Found mod file aquamirae_delight-1.5.2-forge-1.20.1.jar of type MOD with provider {mods folder locator at D:\curseforge_minecraft\Instances\Build my world\mods}
[12:22:01] [main/INFO]: Found mod file architectury-9.2.14-forge.jar of type MOD with provider {mods folder locator at D:\curseforge_minecraft\Instances\Build my world\mods}
[12:22:01] [main/INFO]: Found mod file artifacts-forge-9.5.14.jar of type MOD with provider {mods folder locator at D:\curseforge_minecraft\Instances\Build my world\mods}
[12:22:01] [main/INFO]: Found mod file athena-forge-1.20.1-3.1.2.jar of type MOD with provider {mods folder locator at D:\curseforge_minecraft\Instances\Build my world\mods}
[12:22:01] [main/INFO]: Found mod file Atlas Lib-1.20.1-1.1.12.jar of type MOD with provider {mods folder locator at D:\curseforge_minecraft\Instances\Build my world\mods}
[12:22:01] [main/INFO]: Found mod file AttributeFix-Forge-1.20.1-21.0.4.jar of type MOD with provider {mods folder locator at D:\curseforge_minecraft\Instances\Build my world\mods}
[12:22:01] [main/INFO]: Found mod file balm-forge-1.20.1-7.3.20-all.jar of type MOD with provider {mods folder locator at D:\curseforge_minecraft\Instances\Build my world\mods}
[12:22:01] [main/INFO]: Found mod file betterwithminecolonies-1.20-1.19.19.jar of type MOD with provider {mods folder locator at D:\curseforge_minecraft\Instances\Build my world\mods}
[12:22:01] [main/INFO]: Found mod file BiomesOPlenty-forge-1.20.1-19.0.0.95.jar of type MOD with provider {mods folder locator at D:\curseforge_minecraft\Instances\Build my world\mods}
[12:22:01] [main/INFO]: Found mod file blockui-1.20.1-1.0.156-RELEASE.jar of type MOD with provider {mods folder locator at D:\curseforge_minecraft\Instances\Build my world\mods}
[12:22:01] [main/INFO]: Found mod file bobberdetector-0.1.9-1.20.1.jar of type MOD with provider {mods folder locator at D:\curseforge_minecraft\Instances\Build my world\mods}
[12:22:01] [main/INFO]: Found mod file Bookshelf-Forge-1.20.1-20.2.13.jar of type MOD with provider {mods folder locator at D:\curseforge_minecraft\Instances\Build my world\mods}
[12:22:01] [main/INFO]: Found mod file born_in_chaos_[Forge]1.20.1_1.6.3.jar of type MOD with provider {mods folder locator at D:\curseforge_minecraft\Instances\Build my world\mods}
[12:22:01] [main/INFO]: Found mod file borninchaosdelight-1.0.3.1-1.20.1.jar of type MOD with provider {mods folder locator at D:\curseforge_minecraft\Instances\Build my world\mods}
[12:22:01] [main/INFO]: Found mod file botarium-forge-1.20.1-2.3.4.jar of type MOD with provider {mods folder locator at D:\curseforge_minecraft\Instances\Build my world\mods}
[12:22:01] [main/INFO]: Found mod file BridgingMod-2.5.1+1.20.1.forge-release.jar of type MOD with provider {mods folder locator at D:\curseforge_minecraft\Instances\Build my world\mods}
[12:22:01] [main/INFO]: Found mod file Butchersdelight Foods beta 1.20.1 1.0.3.jar of type MOD with provider {mods folder locator at D:\curseforge_minecraft\Instances\Build my world\mods}
[12:22:01] [main/INFO]: Found mod file carryon-forge-1.20.1-2.1.2.7.jar of type MOD with provider {mods folder locator at D:\curseforge_minecraft\Instances\Build my world\mods}
[12:22:01] [main/INFO]: Found mod file catalogue-forge-1.20.1-1.8.0.jar of type MOD with provider {mods folder locator at D:\curseforge_minecraft\Instances\Build my world\mods}
[12:22:01] [main/INFO]: Found mod file chipped-forge-1.20.1-3.0.7.jar of type MOD with provider {mods folder locator at D:\curseforge_minecraft\Instances\Build my world\mods}
[12:22:01] [main/INFO]: Found mod file chunksending-1.20.1-2.8.jar of type MOD with provider {mods folder locator at D:\curseforge_minecraft\Instances\Build my world\mods}
[12:22:01] [main/INFO]: Found mod file citadel-2.6.1-1.20.1.jar of type MOD with provider {mods folder locator at D:\curseforge_minecraft\Instances\Build my world\mods}
[12:22:01] [main/INFO]: Found mod file cleanswing-1.20-1.8.jar of type MOD with provider {mods folder locator at D:\curseforge_minecraft\Instances\Build my world\mods}
[12:22:01] [main/INFO]: Found mod file cloth-config-11.1.136-forge.jar of type MOD with provider {mods folder locator at D:\curseforge_minecraft\Instances\Build my world\mods}
[12:22:01] [main/INFO]: Found mod file Clumps-forge-1.20.1-12.0.0.4.jar of type MOD with provider {mods folder locator at D:\curseforge_minecraft\Instances\Build my world\mods}
[12:22:01] [main/INFO]: Found mod file collective-1.20.1-7.94.jar of type MOD with provider {mods folder locator at D:\curseforge_minecraft\Instances\Build my world\mods}
[12:22:01] [main/INFO]: Found mod file comforts-forge-6.4.0+1.20.1.jar of type MOD with provider {mods folder locator at D:\curseforge_minecraft\Instances\Build my world\mods}
[12:22:01] [main/INFO]: Found mod file configured-forge-1.20.1-2.2.3.jar of type MOD with provider {mods folder locator at D:\curseforge_minecraft\Instances\Build my world\mods}
[12:22:01] [main/INFO]: Found mod file connectivity-1.20.1-7.1.jar of type MOD with provider {mods folder locator at D:\curseforge_minecraft\Instances\Build my world\mods}
[12:22:01] [main/INFO]: Found mod file constructionwand-1.20.1-2.11.jar of type MOD with provider {mods folder locator at D:\curseforge_minecraft\Instances\Build my world\mods}
[12:22:01] [main/INFO]: Found mod file Controlling-forge-1.20.1-12.0.2.jar of type MOD with provider {mods folder locator at D:\curseforge_minecraft\Instances\Build my world\mods}
[12:22:01] [main/INFO]: Found mod file cookingforblockheads-forge-1.20.1-16.0.13.jar of type MOD with provider {mods folder locator at D:\curseforge_minecraft\Instances\Build my world\mods}
[12:22:01] [main/INFO]: Found mod file copycats-2.2.2+mc.1.20.1-forge.jar of type MOD with provider {mods folder locator at D:\curseforge_minecraft\Instances\Build my world\mods}
[12:22:01] [main/INFO]: Found mod file corn_delight-1.1.6-1.20.1.jar of type MOD with provider {mods folder locator at D:\curseforge_minecraft\Instances\Build my world\mods}
[12:22:01] [main/INFO]: Found mod file coroutil-forge-1.20.1-1.3.7.jar of type MOD with provider {mods folder locator at D:\curseforge_minecraft\Instances\Build my world\mods}
[12:22:01] [main/INFO]: Found mod file corpse-forge-1.20.1-1.0.20.jar of type MOD with provider {mods folder locator at D:\curseforge_minecraft\Instances\Build my world\mods}
[12:22:01] [main/INFO]: Found mod file corpsecurioscompat-1.18.x-1.20.x-Forge-2.2.2.jar of type MOD with provider {mods folder locator at D:\curseforge_minecraft\Instances\Build my world\mods}
[12:22:01] [main/INFO]: Found mod file CrabbersDelight-1.20.1-1.1.7d.jar of type MOD with provider {mods folder locator at D:\curseforge_minecraft\Instances\Build my world\mods}
[12:22:01] [main/INFO]: Found mod file Create Encased-1.20.1-1.7.0-fix1.jar of type MOD with provider {mods folder locator at D:\curseforge_minecraft\Instances\Build my world\mods}
[12:22:01] [main/INFO]: Found mod file create-1.20.1-6.0.4.jar of type MOD with provider {mods folder locator at D:\curseforge_minecraft\Instances\Build my world\mods}
[12:22:01] [main/INFO]: Found mod file Create-DnDesire-1.20.1-0.1b.Release-Early-Dev.jar of type MOD with provider {mods folder locator at D:\curseforge_minecraft\Instances\Build my world\mods}
[12:22:01] [main/INFO]: Found mod file create-food-1.20.1-1.1.10-forge.jar of type MOD with provider {mods folder locator at D:\curseforge_minecraft\Instances\Build my world\mods}
[12:22:01] [main/INFO]: Found mod file create-new-age-forge-1.20.1-1.1.3.jar of type MOD with provider {mods folder locator at D:\curseforge_minecraft\Instances\Build my world\mods}
[12:22:01] [main/INFO]: Found mod file create_better_motors-2.0.2.jar of type MOD with provider {mods folder locator at D:\curseforge_minecraft\Instances\Build my world\mods}
[12:22:01] [main/INFO]: Found mod file create_central_kitchen-1.20.1-for-create-0.5.1.j-1.3.13.jar of type MOD with provider {mods folder locator at D:\curseforge_minecraft\Instances\Build my world\mods}
[12:22:01] [main/INFO]: Found mod file create_connected-0.9.4-mc1.20.1-all.jar of type MOD with provider {mods folder locator at D:\curseforge_minecraft\Instances\Build my world\mods}
[12:22:01] [main/INFO]: Found mod file create_curios_backtank-forge-1.20.1-1.0.1.jar of type MOD with provider {mods folder locator at D:\curseforge_minecraft\Instances\Build my world\mods}
[12:22:01] [main/INFO]: Found mod file create_easy_structures-0.2-forge-1.20.1.jar of type MOD with provider {mods folder locator at D:\curseforge_minecraft\Instances\Build my world\mods}
[12:22:01] [main/INFO]: Found mod file create_enchantment_industry-1.3.2-for-create-6.0.3.jar of type MOD with provider {mods folder locator at D:\curseforge_minecraft\Instances\Build my world\mods}
[12:22:01] [main/INFO]: Found mod file create_extra_casing-4.0.2-Forge-1.20.1.jar of type MOD with provider {mods folder locator at D:\curseforge_minecraft\Instances\Build my world\mods}
[12:22:01] [main/INFO]: Found mod file create_mechanical_extruder-1.20.1-1.6.6-6.0.2.jar of type MOD with provider {mods folder locator at D:\curseforge_minecraft\Instances\Build my world\mods}
[12:22:01] [main/INFO]: Found mod file create_misc_and_things_ 1.20.1_4.0A.jar of type MOD with provider {mods folder locator at D:\curseforge_minecraft\Instances\Build my world\mods}
[12:22:01] [main/INFO]: Found mod file create_oxidized-0.1.2.jar of type MOD with provider {mods folder locator at D:\curseforge_minecraft\Instances\Build my world\mods}
[12:22:01] [main/INFO]: Found mod file create_ratatouille-1.20.1-1.2.jar of type MOD with provider {mods folder locator at D:\curseforge_minecraft\Instances\Build my world\mods}
[12:22:01] [main/INFO]: Found mod file create_recycle_1.0.2_forge_1.20.1.jar of type MOD with provider {mods folder locator at D:\curseforge_minecraft\Instances\Build my world\mods}
[12:22:01] [main/INFO]: Found mod file create_waystones_recipes-1.0.1.b.jar of type MOD with provider {mods folder locator at D:\curseforge_minecraft\Instances\Build my world\mods}
[12:22:01] [main/INFO]: Found mod file createaddition-1.20.1-1.3.1.jar of type MOD with provider {mods folder locator at D:\curseforge_minecraft\Instances\Build my world\mods}
[12:22:01] [main/INFO]: Found mod file createdeco-2.0.2-1.20.1-forge.jar of type MOD with provider {mods folder locator at D:\curseforge_minecraft\Instances\Build my world\mods}
[12:22:01] [main/INFO]: Found mod file createmoredrillheads-2.0.3-1.20.1.jar of type MOD with provider {mods folder locator at D:\curseforge_minecraft\Instances\Build my world\mods}
[12:22:01] [main/INFO]: Found mod file createoreexcavation-1.20-1.6.2.jar of type MOD with provider {mods folder locator at D:\curseforge_minecraft\Instances\Build my world\mods}
[12:22:01] [main/INFO]: Found mod file createrailwaysnavigator-forge-1.20.1-beta-0.7.2.jar of type MOD with provider {mods folder locator at D:\curseforge_minecraft\Instances\Build my world\mods}
[12:22:01] [main/INFO]: Found mod file Croptopia-1.20.1-FORGE-3.0.4.jar of type MOD with provider {mods folder locator at D:\curseforge_minecraft\Instances\Build my world\mods}
[12:22:01] [main/INFO]: Found mod file CullLessLeaves-Reforged-1.20.1-1.0.5.jar of type MOD with provider {mods folder locator at D:\curseforge_minecraft\Instances\Build my world\mods}
[12:22:01] [main/INFO]: Found mod file culturaldelights-0.16.3.jar of type MOD with provider {mods folder locator at D:\curseforge_minecraft\Instances\Build my world\mods}
[12:22:01] [main/INFO]: Found mod file cupboard-1.20.1-2.7.jar of type MOD with provider {mods folder locator at D:\curseforge_minecraft\Instances\Build my world\mods}
[12:22:01] [main/INFO]: Found mod file curios-forge-5.12.1+1.20.1.jar of type MOD with provider {mods folder locator at D:\curseforge_minecraft\Instances\Build my world\mods}
[12:22:01] [main/INFO]: Found mod file darkness-forge-1.20.1-2.0.103-fork.jar of type MOD with provider {mods folder locator at D:\curseforge_minecraft\Instances\Build my world\mods}
[12:22:01] [main/INFO]: Found mod file Delightful-1.20.1-3.7.1.jar of type MOD with provider {mods folder locator at D:\curseforge_minecraft\Instances\Build my world\mods}
[12:22:01] [main/INFO]: Found mod file delightfulburgers-1.20.1.jar of type MOD with provider {mods folder locator at D:\curseforge_minecraft\Instances\Build my world\mods}
[12:22:01] [main/INFO]: Found mod file delightfulsandwich-1.20.1.jar of type MOD with provider {mods folder locator at D:\curseforge_minecraft\Instances\Build my world\mods}
[12:22:01] [main/INFO]: Found mod file design_decor-0.4.0b-1.20.1.jar of type MOD with provider {mods folder locator at D:\curseforge_minecraft\Instances\Build my world\mods}
[12:22:01] [main/INFO]: Found mod file DiagonalFences-v8.1.5-1.20.1-Forge.jar of type MOD with provider {mods folder locator at D:\curseforge_minecraft\Instances\Build my world\mods}
[12:22:01] [main/INFO]: Found mod file domum_ornamentum-1.20.1-1.0.284-snapshot-universal.jar of type MOD with provider {mods folder locator at D:\curseforge_minecraft\Instances\Build my world\mods}
[12:22:01] [main/INFO]: Found mod file dtvinery-1.20.1-forge-1.1.1.jar of type MOD with provider {mods folder locator at D:\curseforge_minecraft\Instances\Build my world\mods}
[12:22:01] [main/INFO]: Found mod file Dungeon Crawl-1.20.1-2.3.15.jar of type MOD with provider {mods folder locator at D:\curseforge_minecraft\Instances\Build my world\mods}
[12:22:01] [main/INFO]: Found mod file Dungeon-Realm-1.20.1-1.0.3.jar of type MOD with provider {mods folder locator at D:\curseforge_minecraft\Instances\Build my world\mods}
[12:22:01] [main/INFO]: Found mod file DynamicTrees-1.20.1-1.4.1.jar of type MOD with provider {mods folder locator at D:\curseforge_minecraft\Instances\Build my world\mods}
[12:22:01] [main/INFO]: Found mod file DynamicTreesAether-1.20.1-1.3.1.jar of type MOD with provider {mods folder locator at D:\curseforge_minecraft\Instances\Build my world\mods}
[12:22:01] [main/INFO]: Found mod file DynamicTreesBOP-1.20.1-3.3.2.jar of type MOD with provider {mods folder locator at D:\curseforge_minecraft\Instances\Build my world\mods}
[12:22:01] [main/INFO]: Found mod file DynamicTreesCroptopia-1.20.1-1.0.0.jar of type MOD with provider {mods folder locator at D:\curseforge_minecraft\Instances\Build my world\mods}
[12:22:01] [main/INFO]: Found mod file DynamicTreesPlus-1.20.1-1.2.0-BETA3.jar of type MOD with provider {mods folder locator at D:\curseforge_minecraft\Instances\Build my world\mods}
[12:22:01] [main/INFO]: Found mod file DynamicTreesQuark-1.20.1-2.5.3.jar of type MOD with provider {mods folder locator at D:\curseforge_minecraft\Instances\Build my world\mods}
[12:22:01] [main/INFO]: Found mod file dynamicvillage-v0.4-1.20.1.jar of type MOD with provider {mods folder locator at D:\curseforge_minecraft\Instances\Build my world\mods}
[12:22:01] [main/INFO]: Found mod file EasierSleeping-1.20.1-2.1.3.jar of type MOD with provider {mods folder locator at D:\curseforge_minecraft\Instances\Build my world\mods}
[12:22:01] [main/INFO]: Found mod file embeddium-0.3.31+mc1.20.1.jar of type MOD with provider {mods folder locator at D:\curseforge_minecraft\Instances\Build my world\mods}
[12:22:01] [main/INFO]: Found mod file EnchantmentDescriptions-Forge-1.20.1-17.1.19.jar of type MOD with provider {mods folder locator at D:\curseforge_minecraft\Instances\Build my world\mods}
[12:22:01] [main/INFO]: Found mod file endersdelight-1.20.1-1.0.3.jar of type MOD with provider {mods folder locator at D:\curseforge_minecraft\Instances\Build my world\mods}
[12:22:01] [main/INFO]: Found mod file ends_delight-1.20.1-2.4.jar of type MOD with provider {mods folder locator at D:\curseforge_minecraft\Instances\Build my world\mods}
[12:22:01] [main/INFO]: Found mod file Engineers Delight 1.20.1 B.1.4.jar of type MOD with provider {mods folder locator at D:\curseforge_minecraft\Instances\Build my world\mods}
[12:22:01] [main/INFO]: Found mod file entityculling-forge-1.7.3-mc1.20.1.jar of type MOD with provider {mods folder locator at D:\curseforge_minecraft\Instances\Build my world\mods}
[12:22:01] [main/INFO]: Found mod file EpheroLib-1.20.1-FORGE-1.2.0.jar of type MOD with provider {mods folder locator at D:\curseforge_minecraft\Instances\Build my world\mods}
[12:22:01] [main/INFO]: Found mod file farmers_croptopia-1.20.1-2.0.0.jar of type MOD with provider {mods folder locator at D:\curseforge_minecraft\Instances\Build my world\mods}
[12:22:01] [main/INFO]: Found mod file FarmersDelight-1.20.1-1.2.7.jar of type MOD with provider {mods folder locator at D:\curseforge_minecraft\Instances\Build my world\mods}
[12:22:01] [main/INFO]: Found mod file farmersrespite-1.20.1-2.1.2.jar of type MOD with provider {mods folder locator at D:\curseforge_minecraft\Instances\Build my world\mods}
[12:22:01] [main/INFO]: Found mod file FarmersStructures-1.0.3-1.20.jar of type MOD with provider {mods folder locator at D:\curseforge_minecraft\Instances\Build my world\mods}
[12:22:01] [main/INFO]: Found mod file farmingforblockheads-forge-1.20.1-14.0.2.jar of type MOD with provider {mods folder locator at D:\curseforge_minecraft\Instances\Build my world\mods}
[12:22:01] [main/INFO]: Found mod file fastasyncworldsave-1.20.1-2.4.jar of type MOD with provider {mods folder locator at D:\curseforge_minecraft\Instances\Build my world\mods}
[12:22:01] [main/INFO]: Found mod file ferritecore-6.0.1-forge.jar of type MOD with provider {mods folder locator at D:\curseforge_minecraft\Instances\Build my world\mods}
[12:22:01] [main/INFO]: Found mod file framework-forge-1.20.1-0.7.12.jar of type MOD with provider {mods folder locator at D:\curseforge_minecraft\Instances\Build my world\mods}
[12:22:01] [main/INFO]: Found mod file frightsdelight-forge-1.20.1-1.3.1.jar of type MOD with provider {mods folder locator at D:\curseforge_minecraft\Instances\Build my world\mods}
[12:22:01] [main/INFO]: Found mod file ftb-chunks-forge-2001.3.5.jar of type MOD with provider {mods folder locator at D:\curseforge_minecraft\Instances\Build my world\mods}
[12:22:01] [main/INFO]: Found mod file ftb-essentials-forge-2001.2.2.jar of type MOD with provider {mods folder locator at D:\curseforge_minecraft\Instances\Build my world\mods}
[12:22:01] [main/INFO]: Found mod file ftb-library-forge-2001.2.9.jar of type MOD with provider {mods folder locator at D:\curseforge_minecraft\Instances\Build my world\mods}
[12:22:01] [main/INFO]: Found mod file ftb-quests-forge-2001.4.12.jar of type MOD with provider {mods folder locator at D:\curseforge_minecraft\Instances\Build my world\mods}
[12:22:01] [main/INFO]: Found mod file ftb-teams-forge-2001.3.1.jar of type MOD with provider {mods folder locator at D:\curseforge_minecraft\Instances\Build my world\mods}
[12:22:01] [main/INFO]: Found mod file ftb-ultimine-forge-2001.1.5.jar of type MOD with provider {mods folder locator at D:\curseforge_minecraft\Instances\Build my world\mods}
[12:22:01] [main/INFO]: Found mod file ftb-xmod-compat-forge-2.1.2.jar of type MOD with provider {mods folder locator at D:\curseforge_minecraft\Instances\Build my world\mods}
[12:22:01] [main/INFO]: Found mod file ftbbackups2-forge-1.20-1.0.23.jar of type MOD with provider {mods folder locator at D:\curseforge_minecraft\Instances\Build my world\mods}
[12:22:01] [main/INFO]: Found mod file ftbquestlocalizer-1.20.1-forge-3.2.0.jar of type MOD with provider {mods folder locator at D:\curseforge_minecraft\Instances\Build my world\mods}
[12:22:01] [main/INFO]: Found mod file FTBQuestsOptimizer-forge-2.0.5-1.20.1.jar of type MOD with provider {mods folder locator at D:\curseforge_minecraft\Instances\Build my world\mods}
[12:22:01] [main/INFO]: Found mod file fusion-1.2.5-forge-mc1.20.1.jar of type MOD with provider {mods folder locator at D:\curseforge_minecraft\Instances\Build my world\mods}
[12:22:01] [main/INFO]: Found mod file geckolib-forge-1.20.1-4.7.1.1.jar of type MOD with provider {mods folder locator at D:\curseforge_minecraft\Instances\Build my world\mods}
[12:22:01] [main/INFO]: Found mod file GlitchCore-forge-1.20.1-0.0.1.1.jar of type MOD with provider {mods folder locator at D:\curseforge_minecraft\Instances\Build my world\mods}
[12:22:01] [main/INFO]: Found mod file Glodium-1.20-1.5-forge.jar of type MOD with provider {mods folder locator at D:\curseforge_minecraft\Instances\Build my world\mods}
[12:22:01] [main/INFO]: Found mod file goblintraders-forge-1.20.1-1.9.3.jar of type MOD with provider {mods folder locator at D:\curseforge_minecraft\Instances\Build my world\mods}
[12:22:01] [main/INFO]: Found mod file idas_forge-1.11.1+1.20.1.jar of type MOD with provider {mods folder locator at D:\curseforge_minecraft\Instances\Build my world\mods}
[12:22:01] [main/INFO]: Found mod file imfast-FORGE-1.20.1-1.0.2.jar of type MOD with provider {mods folder locator at D:\curseforge_minecraft\Instances\Build my world\mods}
[12:22:01] [main/INFO]: Found mod file immersive_cooking-v2.0.1.jar of type MOD with provider {mods folder locator at D:\curseforge_minecraft\Instances\Build my world\mods}
[12:22:01] [main/INFO]: Found mod file ImmersiveEngineering-1.20.1-10.2.0-183.jar of type MOD with provider {mods folder locator at D:\curseforge_minecraft\Instances\Build my world\mods}
[12:22:01] [main/INFO]: Found mod file immersiveengineeringstructures-1.0.1-1.20.1.jar of type MOD with provider {mods folder locator at D:\curseforge_minecraft\Instances\Build my world\mods}
[12:22:01] [main/INFO]: Found mod file immersivelanterns-forge-1.0.6-1.20.1.jar of type MOD with provider {mods folder locator at D:\curseforge_minecraft\Instances\Build my world\mods}
[12:22:01] [main/INFO]: Found mod file integrated_api-1.5.2+1.20.1-forge.jar of type MOD with provider {mods folder locator at D:\curseforge_minecraft\Instances\Build my world\mods}
[12:22:01] [main/INFO]: Found mod file Jade-1.20.1-Forge-11.12.3.jar of type MOD with provider {mods folder locator at D:\curseforge_minecraft\Instances\Build my world\mods}
[12:22:01] [main/INFO]: Found mod file JadeColonies-1.20.1-1.4.2.jar of type MOD with provider {mods folder locator at D:\curseforge_minecraft\Instances\Build my world\mods}
[12:22:01] [main/INFO]: Found mod file jei-1.20.1-forge-15.20.0.106.jar of type MOD with provider {mods folder locator at D:\curseforge_minecraft\Instances\Build my world\mods}
[12:22:01] [main/INFO]: Found mod file jeimultiblocks-1.20.1-1.0.4.jar of type MOD with provider {mods folder locator at D:\curseforge_minecraft\Instances\Build my world\mods}
[12:22:01] [main/INFO]: Found mod file jumpboat-1.20.0-1.0.5.jar of type MOD with provider {mods folder locator at D:\curseforge_minecraft\Instances\Build my world\mods}
[12:22:01] [main/INFO]: Found mod file JustEnoughProfessions-forge-1.20.1-3.0.1.jar of type MOD with provider {mods folder locator at D:\curseforge_minecraft\Instances\Build my world\mods}
[12:22:01] [main/INFO]: Found mod file JustEnoughResources-1.20.1-1.4.0.247.jar of type MOD with provider {mods folder locator at D:\curseforge_minecraft\Instances\Build my world\mods}
[12:22:01] [main/INFO]: Found mod file kotlinforforge-4.11.0-all.jar of type LIBRARY with provider {mods folder locator at D:\curseforge_minecraft\Instances\Build my world\mods}
[12:22:01] [main/INFO]: Found mod file kubejs-create-forge-2001.3.0-build.8.jar of type MOD with provider {mods folder locator at D:\curseforge_minecraft\Instances\Build my world\mods}
[12:22:01] [main/INFO]: Found mod file kubejs-forge-2001.6.5-build.16.jar of type MOD with provider {mods folder locator at D:\curseforge_minecraft\Instances\Build my world\mods}
[12:22:01] [main/INFO]: Found mod file largemeals-1.20.1-1.3.0.jar of type MOD with provider {mods folder locator at D:\curseforge_minecraft\Instances\Build my world\mods}
[12:22:01] [main/INFO]: Found mod file letsdo-nethervinery-forge-1.2.17.jar of type MOD with provider {mods folder locator at D:\curseforge_minecraft\Instances\Build my world\mods}
[12:22:01] [main/INFO]: Found mod file letsdo-vinery-forge-1.4.39.jar of type MOD with provider {mods folder locator at D:\curseforge_minecraft\Instances\Build my world\mods}
[12:22:01] [main/INFO]: Found mod file Library_of_Exile-1.20.1-2.0.4.jar of type MOD with provider {mods folder locator at D:\curseforge_minecraft\Instances\Build my world\mods}
[12:22:01] [main/INFO]: Found mod file lithosphere-1.4.jar of type MOD with provider {mods folder locator at D:\curseforge_minecraft\Instances\Build my world\mods}
[12:22:01] [main/INFO]: Found mod file lmft-1.0.4+1.20.1-forge.jar of type MOD with provider {mods folder locator at D:\curseforge_minecraft\Instances\Build my world\mods}
[12:22:01] [main/INFO]: Found mod file Mantle-1.20.1-1.11.44.jar of type MOD with provider {mods folder locator at D:\curseforge_minecraft\Instances\Build my world\mods}
[12:22:01] [main/INFO]: Found mod file mclogs-forge-1.4.2-1.20.jar of type MOD with provider {mods folder locator at D:\curseforge_minecraft\Instances\Build my world\mods}
[12:22:01] [main/INFO]: Found mod file Mine_and_Slash-1.20.1-6.2.2.jar of type MOD with provider {mods folder locator at D:\curseforge_minecraft\Instances\Build my world\mods}
[12:22:01] [main/INFO]: Found mod file minecolonies-1.20.1-1.1.835-snapshot.jar of type MOD with provider {mods folder locator at D:\curseforge_minecraft\Instances\Build my world\mods}
[12:22:01] [main/INFO]: Found mod file MineColonies_Compatibility-1.20.1-2.66.jar of type MOD with provider {mods folder locator at D:\curseforge_minecraft\Instances\Build my world\mods}
[12:22:01] [main/INFO]: Found mod file MineColonies_Hordes-1.20.1-1.0.jar of type MOD with provider {mods folder locator at D:\curseforge_minecraft\Instances\Build my world\mods}
[12:22:01] [main/INFO]: Found mod file MineColonies_Tweaks-1.20.1-2.54.jar of type MOD with provider {mods folder locator at D:\curseforge_minecraft\Instances\Build my world\mods}
[12:22:01] [main/INFO]: Found mod file modelfix-1.15.jar of type MOD with provider {mods folder locator at D:\curseforge_minecraft\Instances\Build my world\mods}
[12:22:01] [main/INFO]: Found mod file modernfix-forge-5.20.2+mc1.20.1.jar of type MOD with provider {mods folder locator at D:\curseforge_minecraft\Instances\Build my world\mods}
[12:22:01] [main/INFO]: Found mod file molten_metals-1.20.1-0.1.4-forge.jar of type MOD with provider {mods folder locator at D:\curseforge_minecraft\Instances\Build my world\mods}
[12:22:01] [main/INFO]: Found mod file molten_vents-1.20.1-2.0.9.jar of type MOD with provider {mods folder locator at D:\curseforge_minecraft\Instances\Build my world\mods}
[12:22:01] [main/INFO]: Found mod file moonlight-1.20-2.13.79-forge.jar of type MOD with provider {mods folder locator at D:\curseforge_minecraft\Instances\Build my world\mods}
[12:22:01] [main/INFO]: Found mod file moredelight-25.01.13-1.20-forge.jar of type MOD with provider {mods folder locator at D:\curseforge_minecraft\Instances\Build my world\mods}
[12:22:01] [main/INFO]: Found mod file MouseTweaks-forge-mc1.20.1-2.25.1.jar of type MOD with provider {mods folder locator at D:\curseforge_minecraft\Instances\Build my world\mods}
[12:22:01] [main/INFO]: Found mod file multimine-1.20.1.4.jar of type MOD with provider {mods folder locator at D:\curseforge_minecraft\Instances\Build my world\mods}
[12:22:01] [main/INFO]: Found mod file multipiston-1.20-1.2.43-RELEASE.jar of type MOD with provider {mods folder locator at D:\curseforge_minecraft\Instances\Build my world\mods}
[12:22:01] [main/INFO]: Found mod file MyNethersDelight-1.20.1-0.1.7.5.jar of type MOD with provider {mods folder locator at D:\curseforge_minecraft\Instances\Build my world\mods}
[12:22:01] [main/INFO]: Found mod file mysterious_mountain_lib-1.5.19-1.20.1.jar of type MOD with provider {mods folder locator at D:\curseforge_minecraft\Instances\Build my world\mods}
[12:22:01] [main/INFO]: Found mod file NaturesCompass-1.20.1-1.11.2-forge.jar of type MOD with provider {mods folder locator at D:\curseforge_minecraft\Instances\Build my world\mods}
[12:22:01] [main/INFO]: Found mod file nethersdelight-1.20.1-4.0.jar of type MOD with provider {mods folder locator at D:\curseforge_minecraft\Instances\Build my world\mods}
[12:22:01] [main/INFO]: Found mod file nethervillagertrader-1.2.0-forge-1.20.1.jar of type MOD with provider {mods folder locator at D:\curseforge_minecraft\Instances\Build my world\mods}
[12:22:01] [main/INFO]: Found mod file obscure_api-15.jar of type MOD with provider {mods folder locator at D:\curseforge_minecraft\Instances\Build my world\mods}
[12:22:01] [main/INFO]: Found mod file oceanic_delight-1.0.3-forge-1.20.1.jar of type MOD with provider {mods folder locator at D:\curseforge_minecraft\Instances\Build my world\mods}
[12:22:01] [main/INFO]: Found mod file oceansdelight-1.0.2-1.20.jar of type MOD with provider {mods folder locator at D:\curseforge_minecraft\Instances\Build my world\mods}
[12:22:01] [main/INFO]: Found mod file oculus-mc1.20.1-1.8.0.jar of type MOD with provider {mods folder locator at D:\curseforge_minecraft\Instances\Build my world\mods}
[12:22:01] [main/INFO]: Found mod file Patchouli-1.20.1-84.1-FORGE.jar of type MOD with provider {mods folder locator at D:\curseforge_minecraft\Instances\Build my world\mods}
[12:22:01] [main/INFO]: Found mod file photon-forge-1.20.1-1.1.4.jar of type MOD with provider {mods folder locator at D:\curseforge_minecraft\Instances\Build my world\mods}
[12:22:01] [main/INFO]: Found mod file PickUpNotifier-v8.0.0-1.20.1-Forge.jar of type MOD with provider {mods folder locator at D:\curseforge_minecraft\Instances\Build my world\mods}
[12:22:01] [main/INFO]: Found mod file player-animation-lib-forge-1.0.2-rc1+1.20.jar of type MOD with provider {mods folder locator at D:\curseforge_minecraft\Instances\Build my world\mods}
[12:22:01] [main/INFO]: Found mod file polylib-forge-2000.0.3-build.143.jar of type MOD with provider {mods folder locator at D:\curseforge_minecraft\Instances\Build my world\mods}
[12:22:01] [main/INFO]: Found mod file polymorph-forge-0.49.8+1.20.1.jar of type MOD with provider {mods folder locator at D:\curseforge_minecraft\Instances\Build my world\mods}
[12:22:01] [main/INFO]: Found mod file PortableCraftingTable-1.20.1-3.2.2-[FORGE].jar of type MOD with provider {mods folder locator at D:\curseforge_minecraft\Instances\Build my world\mods}
[12:22:01] [main/INFO]: Found mod file probejs-6.0.1-forge.jar of type MOD with provider {mods folder locator at D:\curseforge_minecraft\Instances\Build my world\mods}
[12:22:01] [main/INFO]: Found mod file protection_pixel-1.1.6-forge-1.20.1.jar of type MOD with provider {mods folder locator at D:\curseforge_minecraft\Instances\Build my world\mods}
[12:22:01] [main/INFO]: Found mod file PuzzlesLib-v8.1.29-1.20.1-Forge.jar of type MOD with provider {mods folder locator at D:\curseforge_minecraft\Instances\Build my world\mods}
[12:22:01] [main/INFO]: Found mod file Quark-4.0-461.jar of type MOD with provider {mods folder locator at D:\curseforge_minecraft\Instances\Build my world\mods}
[12:22:01] [main/INFO]: Found mod file quark_delight_1.0.0_forge_1.20.1.jar of type MOD with provider {mods folder locator at D:\curseforge_minecraft\Instances\Build my world\mods}
[12:22:01] [main/INFO]: Found mod file realmrpg_imps_and_demons_0.9.0_forge_1.20.1.jar of type MOD with provider {mods folder locator at D:\curseforge_minecraft\Instances\Build my world\mods}
[12:22:01] [main/INFO]: Found mod file realmrpg_seadwellers_2.9.9_forge_1.20.1.jar of type MOD with provider {mods folder locator at D:\curseforge_minecraft\Instances\Build my world\mods}
[12:22:01] [main/INFO]: Found mod file rechiseled-1.1.6-forge-mc1.20.jar of type MOD with provider {mods folder locator at D:\curseforge_minecraft\Instances\Build my world\mods}
[12:22:01] [main/INFO]: Found mod file rechiseled_chipped-1.1.jar of type MOD with provider {mods folder locator at D:\curseforge_minecraft\Instances\Build my world\mods}
[12:22:01] [main/INFO]: Found mod file rechiseledcreate-1.0.2-forge-mc1.20.jar of type MOD with provider {mods folder locator at D:\curseforge_minecraft\Instances\Build my world\mods}
[12:22:01] [main/INFO]: Found mod file resourcefullib-forge-1.20.1-2.1.29.jar of type MOD with provider {mods folder locator at D:\curseforge_minecraft\Instances\Build my world\mods}
[12:22:01] [main/INFO]: Found mod file responsiveshields-2.3-mc1.18-19-20.x.jar of type MOD with provider {mods folder locator at D:\curseforge_minecraft\Instances\Build my world\mods}
[12:22:01] [main/INFO]: Found mod file rhino-forge-2001.2.3-build.10.jar of type MOD with provider {mods folder locator at D:\curseforge_minecraft\Instances\Build my world\mods}
[12:22:01] [main/INFO]: Found mod file rrls-4.0.6.1+mc1.20.1-forge.jar of type MOD with provider {mods folder locator at D:\curseforge_minecraft\Instances\Build my world\mods}
[12:22:01] [main/INFO]: Found mod file Searchables-forge-1.20.1-1.0.3.jar of type MOD with provider {mods folder locator at D:\curseforge_minecraft\Instances\Build my world\mods}
[12:22:01] [main/INFO]: Found mod file sebastrnlib-4.0.0.jar of type MOD with provider {mods folder locator at D:\curseforge_minecraft\Instances\Build my world\mods}
[12:22:01] [main/INFO]: Found mod file simpleplanes-1.20.1-5.3.3.jar of type MOD with provider {mods folder locator at D:\curseforge_minecraft\Instances\Build my world\mods}
[12:22:01] [main/INFO]: Found mod file sliceanddice-forge-3.4.0.jar of type MOD with provider {mods folder locator at D:\curseforge_minecraft\Instances\Build my world\mods}
[12:22:01] [main/INFO]: Found mod file smarterfarmers-1.20-2.1.0.jar of type MOD with provider {mods folder locator at D:\curseforge_minecraft\Instances\Build my world\mods}
[12:22:01] [main/INFO]: Found mod file smoothchunk-1.20.1-4.1.jar of type MOD with provider {mods folder locator at D:\curseforge_minecraft\Instances\Build my world\mods}
[12:22:01] [main/INFO]: Found mod file sodiumdynamiclights-forge-1.0.10-1.20.1.jar of type MOD with provider {mods folder locator at D:\curseforge_minecraft\Instances\Build my world\mods}
[12:22:01] [main/INFO]: Found mod file sodiumoptionsapi-forge-1.0.10-1.20.1.jar of type MOD with provider {mods folder locator at D:\curseforge_minecraft\Instances\Build my world\mods}
[12:22:01] [main/INFO]: Found mod file sophisticatedbackpacks-1.20.1-3.23.6.1211.jar of type MOD with provider {mods folder locator at D:\curseforge_minecraft\Instances\Build my world\mods}
[12:22:01] [main/INFO]: Found mod file sophisticatedcore-1.20.1-1.2.23.902.jar of type MOD with provider {mods folder locator at D:\curseforge_minecraft\Instances\Build my world\mods}
[12:22:01] [main/INFO]: Found mod file Steam_Rails-1.6.7+forge-mc1.20.1.jar of type MOD with provider {mods folder locator at D:\curseforge_minecraft\Instances\Build my world\mods}
[12:22:01] [main/INFO]: Found mod file storagedelight-25.03.09-1.20-forge.jar of type MOD with provider {mods folder locator at D:\curseforge_minecraft\Instances\Build my world\mods}
[12:22:01] [main/INFO]: Found mod file structureessentials-1.20.1-4.5.jar of type MOD with provider {mods folder locator at D:\curseforge_minecraft\Instances\Build my world\mods}
[12:22:01] [main/INFO]: Found mod file structurize-1.20.1-1.0.765-snapshot.jar of type MOD with provider {mods folder locator at D:\curseforge_minecraft\Instances\Build my world\mods}
[12:22:01] [main/INFO]: Found mod file stylecolonies-1.12-1.20.1.jar of type MOD with provider {mods folder locator at D:\curseforge_minecraft\Instances\Build my world\mods}
[12:22:01] [main/INFO]: Found mod file supermartijn642configlib-1.1.8-forge-mc1.20.jar of type MOD with provider {mods folder locator at D:\curseforge_minecraft\Instances\Build my world\mods}
[12:22:01] [main/INFO]: Found mod file supermartijn642corelib-1.1.18-forge-mc1.20.1.jar of type MOD with provider {mods folder locator at D:\curseforge_minecraft\Instances\Build my world\mods}
[12:22:01] [main/INFO]: Found mod file supplementaries-1.20-3.1.21.jar of type MOD with provider {mods folder locator at D:\curseforge_minecraft\Instances\Build my world\mods}
[12:22:01] [main/INFO]: Found mod file TConstruct-1.20.1-3.9.2.37.jar of type MOD with provider {mods folder locator at D:\curseforge_minecraft\Instances\Build my world\mods}
[12:22:01] [main/INFO]: Found mod file TerraBlender-forge-1.20.1-3.0.1.10.jar of type MOD with provider {mods folder locator at D:\curseforge_minecraft\Instances\Build my world\mods}
[12:22:01] [main/INFO]: Found mod file tfmg-0.9.3-1.20.1.jar of type MOD with provider {mods folder locator at D:\curseforge_minecraft\Instances\Build my world\mods}
[12:22:01] [main/INFO]: Found mod file The-Harvest-1.20.1-1.0.0.jar of type MOD with provider {mods folder locator at D:\curseforge_minecraft\Instances\Build my world\mods}
[12:22:01] [main/INFO]: Found mod file The-Hordes-1.20.1-1.5.4.jar of type MOD with provider {mods folder locator at D:\curseforge_minecraft\Instances\Build my world\mods}
[12:22:01] [main/INFO]: Found mod file towntalk-1.20.1-1.1.0.jar of type MOD with provider {mods folder locator at D:\curseforge_minecraft\Instances\Build my world\mods}
[12:22:01] [main/INFO]: Found mod file trowelsfork-1.20.1-2.0.0.jar of type MOD with provider {mods folder locator at D:\curseforge_minecraft\Instances\Build my world\mods}
[12:22:01] [main/INFO]: Found mod file txnilib-forge-1.0.23-1.20.1.jar of type MOD with provider {mods folder locator at D:\curseforge_minecraft\Instances\Build my world\mods}
[12:22:01] [main/INFO]: Found mod file ubesdelight-forge-1.20.1-0.3.4.jar of type MOD with provider {mods folder locator at D:\curseforge_minecraft\Instances\Build my world\mods}
[12:22:01] [main/INFO]: Found mod file villagespawnpoint-1.20.1-4.5.jar of type MOD with provider {mods folder locator at D:\curseforge_minecraft\Instances\Build my world\mods}
[12:22:01] [main/INFO]: Found mod file VisualWorkbench-v8.0.0-1.20.1-Forge.jar of type MOD with provider {mods folder locator at D:\curseforge_minecraft\Instances\Build my world\mods}
[12:22:01] [main/INFO]: Found mod file watut-forge-1.20.1-1.2.3.jar of type MOD with provider {mods folder locator at D:\curseforge_minecraft\Instances\Build my world\mods}
[12:22:01] [main/INFO]: Found mod file waystones-forge-1.20.1-14.1.11.jar of type MOD with provider {mods folder locator at D:\curseforge_minecraft\Instances\Build my world\mods}
[12:22:01] [main/INFO]: Found mod file worldedit-mod-7.2.15.jar of type MOD with provider {mods folder locator at D:\curseforge_minecraft\Instances\Build my world\mods}
[12:22:01] [main/INFO]: Found mod file yet_another_config_lib_v3-3.6.5+1.20.1-forge.jar of type MOD with provider {mods folder locator at D:\curseforge_minecraft\Instances\Build my world\mods}
[12:22:01] [main/INFO]: Found mod file Zeta-1.0-28.jar of type MOD with provider {mods folder locator at D:\curseforge_minecraft\Instances\Build my world\mods}
[12:22:01] [main/WARN]: Mod file D:\curseforge_minecraft\Install\libraries\net\minecraftforge\fmlcore\1.20.1-47.4.0\fmlcore-1.20.1-47.4.0.jar is missing mods.toml file
[12:22:01] [main/WARN]: Mod file D:\curseforge_minecraft\Install\libraries\net\minecraftforge\javafmllanguage\1.20.1-47.4.0\javafmllanguage-1.20.1-47.4.0.jar is missing mods.toml file
[12:22:01] [main/WARN]: Mod file D:\curseforge_minecraft\Install\libraries\net\minecraftforge\lowcodelanguage\1.20.1-47.4.0\lowcodelanguage-1.20.1-47.4.0.jar is missing mods.toml file
[12:22:01] [main/WARN]: Mod file D:\curseforge_minecraft\Install\libraries\net\minecraftforge\mclanguage\1.20.1-47.4.0\mclanguage-1.20.1-47.4.0.jar is missing mods.toml file
[12:22:01] [main/INFO]: Found mod file fmlcore-1.20.1-47.4.0.jar of type LIBRARY with provider net.minecraftforge.fml.loading.moddiscovery.MinecraftLocator@70e02081
[12:22:01] [main/INFO]: Found mod file javafmllanguage-1.20.1-47.4.0.jar of type LANGPROVIDER with provider net.minecraftforge.fml.loading.moddiscovery.MinecraftLocator@70e02081
[12:22:01] [main/INFO]: Found mod file lowcodelanguage-1.20.1-47.4.0.jar of type LANGPROVIDER with provider net.minecraftforge.fml.loading.moddiscovery.MinecraftLocator@70e02081
[12:22:01] [main/INFO]: Found mod file mclanguage-1.20.1-47.4.0.jar of type LANGPROVIDER with provider net.minecraftforge.fml.loading.moddiscovery.MinecraftLocator@70e02081
[12:22:01] [main/INFO]: Found mod file client-1.20.1-20230612.114412-srg.jar of type MOD with provider net.minecraftforge.fml.loading.moddiscovery.MinecraftLocator@70e02081
[12:22:01] [main/INFO]: Found mod file forge-1.20.1-47.4.0-universal.jar of type MOD with provider net.minecraftforge.fml.loading.moddiscovery.MinecraftLocator@70e02081
[12:22:02] [main/WARN]: Attempted to select two dependency jars from JarJar which have the same identification: Mod File:  and Mod File: . Using Mod File: 
[12:22:02] [main/WARN]: Attempted to select a dependency jar for JarJar which was passed in as source: curios. Using Mod File: D:\curseforge_minecraft\Instances\Build my world\mods\curios-forge-5.12.1+1.20.1.jar
[12:22:02] [main/WARN]: Attempted to select a dependency jar for JarJar which was passed in as source: architectury. Using Mod File: D:\curseforge_minecraft\Instances\Build my world\mods\architectury-9.2.14-forge.jar
[12:22:02] [main/INFO]: Found 77 dependencies adding them to mods collection
[12:22:02] [main/INFO]: Found mod file fabric-transfer-api-v1-3.3.5+631c9cd677.jar of type MOD with provider net.minecraftforge.fml.loading.moddiscovery.JarInJarDependencyLocator@4098dd77
[12:22:02] [main/INFO]: Found mod file fabric-dimensions-v1-2.1.54+8005d10d77.jar of type MOD with provider net.minecraftforge.fml.loading.moddiscovery.JarInJarDependencyLocator@4098dd77
[12:22:02] [main/INFO]: Found mod file kuma-api-forge-20.1.8+1.20.1.jar of type MOD with provider net.minecraftforge.fml.loading.moddiscovery.JarInJarDependencyLocator@4098dd77
[12:22:02] [main/INFO]: Found mod file fabric-renderer-api-v1-3.2.1+cf68abbe77.jar of type MOD with provider net.minecraftforge.fml.loading.moddiscovery.JarInJarDependencyLocator@4098dd77
[12:22:02] [main/INFO]: Found mod file kfflang-4.11.0.jar of type LANGPROVIDER with provider net.minecraftforge.fml.loading.moddiscovery.JarInJarDependencyLocator@4098dd77
[12:22:02] [main/INFO]: Found mod file Ponder-Forge-1.20.1-1.0.52.jar of type MOD with provider net.minecraftforge.fml.loading.moddiscovery.JarInJarDependencyLocator@4098dd77
[12:22:02] [main/INFO]: Found mod file gson-0.1.5.jar of type GAMELIBRARY with provider net.minecraftforge.fml.loading.moddiscovery.JarInJarDependencyLocator@4098dd77
[12:22:02] [main/INFO]: Found mod file fabric-item-api-v1-2.1.28+4d0bbcfa77.jar of type MOD with provider net.minecraftforge.fml.loading.moddiscovery.JarInJarDependencyLocator@4098dd77
[12:22:02] [main/INFO]: Found mod file fabric-model-loading-api-v1-1.0.3+6274ab9d77.jar of type MOD with provider net.minecraftforge.fml.loading.moddiscovery.JarInJarDependencyLocator@4098dd77
[12:22:02] [main/INFO]: Found mod file netty-0.1.4.jar of type GAMELIBRARY with provider net.minecraftforge.fml.loading.moddiscovery.JarInJarDependencyLocator@4098dd77
[12:22:02] [main/INFO]: Found mod file fabric-rendering-fluids-v1-3.0.28+4ac5e37a77.jar of type MOD with provider net.minecraftforge.fml.loading.moddiscovery.JarInJarDependencyLocator@4098dd77
[12:22:02] [main/INFO]: Found mod file fabric-screen-handler-api-v1-1.3.30+561530ec77.jar of type MOD with provider net.minecraftforge.fml.loading.moddiscovery.JarInJarDependencyLocator@4098dd77
[12:22:02] [main/INFO]: Found mod file fabric-models-v0-0.4.2+7c3892a477.jar of type MOD with provider net.minecraftforge.fml.loading.moddiscovery.JarInJarDependencyLocator@4098dd77
[12:22:02] [main/INFO]: Found mod file fabric-resource-loader-v0-0.11.10+bcd08ed377.jar of type MOD with provider net.minecraftforge.fml.loading.moddiscovery.JarInJarDependencyLocator@4098dd77
[12:22:02] [main/INFO]: Found mod file mclib-20.jar of type GAMELIBRARY with provider net.minecraftforge.fml.loading.moddiscovery.JarInJarDependencyLocator@4098dd77
[12:22:02] [main/INFO]: Found mod file endec-0.1.8.jar of type GAMELIBRARY with provider net.minecraftforge.fml.loading.moddiscovery.JarInJarDependencyLocator@4098dd77
[12:22:02] [main/INFO]: Found mod file fabric-rendering-v1-3.0.8+66e9a48f77.jar of type MOD with provider net.minecraftforge.fml.loading.moddiscovery.JarInJarDependencyLocator@4098dd77
[12:22:02] [main/INFO]: Found mod file fabric-renderer-indigo-1.5.2+b5b2da4177.jar of type MOD with provider net.minecraftforge.fml.loading.moddiscovery.JarInJarDependencyLocator@4098dd77
[12:22:02] [main/INFO]: Found mod file vineflower-1.9.3.jar of type GAMELIBRARY with provider net.minecraftforge.fml.loading.moddiscovery.JarInJarDependencyLocator@4098dd77
[12:22:02] [main/INFO]: Found mod file fabric-loader-2.6.0+0.15.0+1.20.1-full.jar of type LANGPROVIDER with provider net.minecraftforge.fml.loading.moddiscovery.JarInJarDependencyLocator@4098dd77
[12:22:02] [main/INFO]: Found mod file fabric-convention-tags-v1-1.5.5+fa3d1c0177.jar of type MOD with provider net.minecraftforge.fml.loading.moddiscovery.JarInJarDependencyLocator@4098dd77
[12:22:02] [main/INFO]: Found mod file fabric-mining-level-api-v1-2.1.50+561530ec77.jar of type MOD with provider net.minecraftforge.fml.loading.moddiscovery.JarInJarDependencyLocator@4098dd77
[12:22:02] [main/INFO]: Found mod file fabric-command-api-v1-1.2.34+f71b366f77.jar of type MOD with provider net.minecraftforge.fml.loading.moddiscovery.JarInJarDependencyLocator@4098dd77
[12:22:02] [main/INFO]: Found mod file fabric-block-view-api-v2-1.0.1+0767707077.jar of type MOD with provider net.minecraftforge.fml.loading.moddiscovery.JarInJarDependencyLocator@4098dd77
[12:22:02] [main/INFO]: Found mod file MixinExtras-0.4.1.jar of type GAMELIBRARY with provider net.minecraftforge.fml.loading.moddiscovery.JarInJarDependencyLocator@4098dd77
[12:22:02] [main/INFO]: Found mod file fabric-command-api-v2-2.2.13+561530ec77.jar of type MOD with provider net.minecraftforge.fml.loading.moddiscovery.JarInJarDependencyLocator@4098dd77
[12:22:02] [main/INFO]: Found mod file MixinSquared-0.1.1.jar of type GAMELIBRARY with provider net.minecraftforge.fml.loading.moddiscovery.JarInJarDependencyLocator@4098dd77
[12:22:02] [main/INFO]: Found mod file fabric-data-attachment-api-v1-1.0.0+30ef839e77.jar of type MOD with provider net.minecraftforge.fml.loading.moddiscovery.JarInJarDependencyLocator@4098dd77
[12:22:02] [main/INFO]: Found mod file mixinextras-forge-0.2.0.jar of type GAMELIBRARY with provider net.minecraftforge.fml.loading.moddiscovery.JarInJarDependencyLocator@4098dd77
[12:22:02] [main/INFO]: Found mod file midnightlib-1.4.2-forge.jar of type MOD with provider net.minecraftforge.fml.loading.moddiscovery.JarInJarDependencyLocator@4098dd77
[12:22:02] [main/INFO]: Found mod file javaparser-symbol-solver-core-3.25.8.jar of type GAMELIBRARY with provider net.minecraftforge.fml.loading.moddiscovery.JarInJarDependencyLocator@4098dd77
[12:22:02] [main/INFO]: Found mod file create_dragon_lib-1.20.1-1.4.3.jar of type MOD with provider net.minecraftforge.fml.loading.moddiscovery.JarInJarDependencyLocator@4098dd77
[12:22:02] [main/INFO]: Found mod file ldlib-forge-1.20.1-1.0.35.jar of type MOD with provider net.minecraftforge.fml.loading.moddiscovery.JarInJarDependencyLocator@4098dd77
[12:22:02] [main/INFO]: Found mod file fabric-screen-api-v1-2.0.8+45a670a577.jar of type MOD with provider net.minecraftforge.fml.loading.moddiscovery.JarInJarDependencyLocator@4098dd77
[12:22:02] [main/INFO]: Found mod file fabric-particles-v1-1.1.2+78e1ecb877.jar of type MOD with provider net.minecraftforge.fml.loading.moddiscovery.JarInJarDependencyLocator@4098dd77
[12:22:02] [main/INFO]: Found mod file puzzlesaccessapi-forge-20.1.1.jar of type MOD with provider net.minecraftforge.fml.loading.moddiscovery.JarInJarDependencyLocator@4098dd77
[12:22:02] [main/INFO]: Found mod file fabric-api-0.92.2+1.11.12+1.20.1.jar of type MOD with provider net.minecraftforge.fml.loading.moddiscovery.JarInJarDependencyLocator@4098dd77
[12:22:02] [main/INFO]: Found mod file fabric-content-registries-v0-4.0.11+a670df1e77.jar of type MOD with provider net.minecraftforge.fml.loading.moddiscovery.JarInJarDependencyLocator@4098dd77
[12:22:02] [main/INFO]: Found mod file Java-WebSocket-1.5.6.jar of type GAMELIBRARY with provider net.minecraftforge.fml.loading.moddiscovery.JarInJarDependencyLocator@4098dd77
[12:22:02] [main/INFO]: Found mod file fabric-transitive-access-wideners-v1-4.3.1+1880499877.jar of type MOD with provider net.minecraftforge.fml.loading.moddiscovery.JarInJarDependencyLocator@4098dd77
[12:22:02] [main/INFO]: Found mod file diagonalblocks-forge-8.0.6.jar of type MOD with provider net.minecraftforge.fml.loading.moddiscovery.JarInJarDependencyLocator@4098dd77
[12:22:02] [main/INFO]: Found mod file dragonlib-forge-1.20.1-2.2.24.jar of type MOD with provider net.minecraftforge.fml.loading.moddiscovery.JarInJarDependencyLocator@4098dd77
[12:22:02] [main/INFO]: Found mod file fabric-game-rule-api-v1-1.0.40+683d4da877.jar of type MOD with provider net.minecraftforge.fml.loading.moddiscovery.JarInJarDependencyLocator@4098dd77
[12:22:02] [main/INFO]: Found mod file fabric-api-base-0.4.31+ef105b4977.jar of type MOD with provider net.minecraftforge.fml.loading.moddiscovery.JarInJarDependencyLocator@4098dd77
[12:22:02] [main/INFO]: Found mod file fabric-api-lookup-api-v1-1.6.36+67f9824077.jar of type MOD with provider net.minecraftforge.fml.loading.moddiscovery.JarInJarDependencyLocator@4098dd77
[12:22:02] [main/INFO]: Found mod file fabric-blockrenderlayer-v1-1.1.41+1d0da21e77.jar of type MOD with provider net.minecraftforge.fml.loading.moddiscovery.JarInJarDependencyLocator@4098dd77
[12:22:02] [main/INFO]: Found mod file mixinsquared-forge-0.1.1.jar of type GAMELIBRARY with provider net.minecraftforge.fml.loading.moddiscovery.JarInJarDependencyLocator@4098dd77
[12:22:02] [main/INFO]: Found mod file Registrate-MC1.20-1.3.3.jar of type GAMELIBRARY with provider net.minecraftforge.fml.loading.moddiscovery.JarInJarDependencyLocator@4098dd77
[12:22:02] [main/INFO]: Found mod file spectrelib-forge-0.13.17+1.20.1.jar of type MOD with provider net.minecraftforge.fml.loading.moddiscovery.JarInJarDependencyLocator@4098dd77
[12:22:02] [main/INFO]: Found mod file fabric-block-api-v1-1.0.11+0e6cb7f777.jar of type MOD with provider net.minecraftforge.fml.loading.moddiscovery.JarInJarDependencyLocator@4098dd77
[12:22:02] [main/INFO]: Found mod file fabric-resource-conditions-api-v1-2.3.8+9e342fc177.jar of type MOD with provider net.minecraftforge.fml.loading.moddiscovery.JarInJarDependencyLocator@4098dd77
[12:22:02] [main/INFO]: Found mod file kffmod-4.11.0.jar of type MOD with provider net.minecraftforge.fml.loading.moddiscovery.JarInJarDependencyLocator@4098dd77
[12:22:02] [main/INFO]: Found mod file kfflib-4.11.0.jar of type GAMELIBRARY with provider net.minecraftforge.fml.loading.moddiscovery.JarInJarDependencyLocator@4098dd77
[12:22:02] [main/INFO]: Found mod file bytecodecs-1.0.2.jar of type GAMELIBRARY with provider net.minecraftforge.fml.loading.moddiscovery.JarInJarDependencyLocator@4098dd77
[12:22:02] [main/INFO]: Found mod file flywheel-forge-1.20.1-1.0.2.jar of type MOD with provider net.minecraftforge.fml.loading.moddiscovery.JarInJarDependencyLocator@4098dd77
[12:22:02] [main/INFO]: Found mod file fabric-item-group-api-v1-4.0.12+c9161c2d77.jar of type MOD with provider net.minecraftforge.fml.loading.moddiscovery.JarInJarDependencyLocator@4098dd77
[12:22:02] [main/INFO]: Found mod file jcpp-1.4.14.jar of type GAMELIBRARY with provider net.minecraftforge.fml.loading.moddiscovery.JarInJarDependencyLocator@4098dd77
[12:22:02] [main/INFO]: Found mod file fabric-biome-api-v1-13.0.13+dc36698e77.jar of type MOD with provider net.minecraftforge.fml.loading.moddiscovery.JarInJarDependencyLocator@4098dd77
[12:22:02] [main/INFO]: Found mod file fabric-entity-events-v1-1.6.0+6274ab9d77.jar of type MOD with provider net.minecraftforge.fml.loading.moddiscovery.JarInJarDependencyLocator@4098dd77
[12:22:02] [main/INFO]: Found mod file MinecraftForgeAPI-1.20.1-1.0.0.jar of type GAMELIBRARY with provider net.minecraftforge.fml.loading.moddiscovery.JarInJarDependencyLocator@4098dd77
[12:22:02] [main/INFO]: Found mod file fabric-registry-sync-v0-2.3.3+1c0ea72177.jar of type MOD with provider net.minecraftforge.fml.loading.moddiscovery.JarInJarDependencyLocator@4098dd77
[12:22:02] [main/INFO]: Found mod file cumulus_menus-1.20.1-1.0.1-neoforge.jar of type MOD with provider net.minecraftforge.fml.loading.moddiscovery.JarInJarDependencyLocator@4098dd77
[12:22:02] [main/INFO]: Found mod file yabn-1.0.3.jar of type GAMELIBRARY with provider net.minecraftforge.fml.loading.moddiscovery.JarInJarDependencyLocator@4098dd77
[12:22:02] [main/INFO]: Found mod file fabric-recipe-api-v1-1.0.21+514a076577.jar of type MOD with provider net.minecraftforge.fml.loading.moddiscovery.JarInJarDependencyLocator@4098dd77
[12:22:02] [main/INFO]: Found mod file fabric-loot-api-v2-1.2.1+eb28f93e77.jar of type MOD with provider net.minecraftforge.fml.loading.moddiscovery.JarInJarDependencyLocator@4098dd77
[12:22:02] [main/INFO]: Found mod file fabric-object-builder-api-v1-11.1.3+2174fc8477.jar of type MOD with provider net.minecraftforge.fml.loading.moddiscovery.JarInJarDependencyLocator@4098dd77
[12:22:02] [main/INFO]: Found mod file fabric-rendering-data-attachment-v1-0.3.37+a6081afc77.jar of type MOD with provider net.minecraftforge.fml.loading.moddiscovery.JarInJarDependencyLocator@4098dd77
[12:22:02] [main/INFO]: Found mod file nitrogen_internals-1.20.1-1.0.12-neoforge.jar of type MOD with provider net.minecraftforge.fml.loading.moddiscovery.JarInJarDependencyLocator@4098dd77
[12:22:02] [main/INFO]: Found mod file fabric-networking-api-v1-1.3.11+503a202477.jar of type MOD with provider net.minecraftforge.fml.loading.moddiscovery.JarInJarDependencyLocator@4098dd77
[12:22:02] [main/INFO]: Found mod file fabric-sound-api-v1-1.0.13+4f23bd8477.jar of type MOD with provider net.minecraftforge.fml.loading.moddiscovery.JarInJarDependencyLocator@4098dd77
[12:22:02] [main/INFO]: Found mod file fabric-message-api-v1-5.1.9+52cc178c77.jar of type MOD with provider net.minecraftforge.fml.loading.moddiscovery.JarInJarDependencyLocator@4098dd77
[12:22:02] [main/INFO]: Found mod file expandability-forge-9.0.4.jar of type MOD with provider net.minecraftforge.fml.loading.moddiscovery.JarInJarDependencyLocator@4098dd77
[12:22:02] [main/INFO]: Found mod file fabric-lifecycle-events-v1-2.2.22+afab492177.jar of type MOD with provider net.minecraftforge.fml.loading.moddiscovery.JarInJarDependencyLocator@4098dd77
[12:22:02] [main/INFO]: Found mod file fabric-data-generation-api-v1-12.3.4+369cb3a477.jar of type MOD with provider net.minecraftforge.fml.loading.moddiscovery.JarInJarDependencyLocator@4098dd77
[12:22:02] [main/INFO]: Found mod file fabric-events-interaction-v0-0.6.2+0d0bd5a777.jar of type MOD with provider net.minecraftforge.fml.loading.moddiscovery.JarInJarDependencyLocator@4098dd77
[12:22:02] [main/INFO]: Found mod file fabric-key-binding-api-v1-1.0.37+561530ec77.jar of type MOD with provider net.minecraftforge.fml.loading.moddiscovery.JarInJarDependencyLocator@4098dd77
[12:22:02] [main/INFO]: Found mod file fabric-client-tags-api-v1-1.1.2+5d6761b877.jar of type MOD with provider net.minecraftforge.fml.loading.moddiscovery.JarInJarDependencyLocator@4098dd77
[12:22:05] [main/INFO]: Compatibility level set to JAVA_17
[12:22:05] [main/ERROR]: Mixin config mixins.delightfulburgers.json does not specify "minVersion" property
[12:22:05] [main/ERROR]: Mixin config fabric-item-group-api-v1.mixins.json does not specify "minVersion" property
[12:22:05] [main/ERROR]: Mixin config fabric-item-group-api-v1.client.mixins.json does not specify "minVersion" property
[12:22:05] [main/ERROR]: Mixin config fabric-item-api-v1.client.mixins.json does not specify "minVersion" property
[12:22:06] [main/ERROR]: Mixin config fabric-data-attachment-api-v1.mixins.json does not specify "minVersion" property
[12:22:06] [main/ERROR]: Mixin config fabric-data-attachment-api-v1.client.mixins.json does not specify "minVersion" property
[12:22:06] [main/ERROR]: Mixin config mixins.delightfulsandwich.json does not specify "minVersion" property
[12:22:06] [main/ERROR]: Mixin config yacl.mixins.json does not specify "minVersion" property
[12:22:06] [main/INFO]: Successfully loaded Mixin Connector [com.robertx22.mmorpg.MixinConnector]
[12:22:06] [main/INFO]: Successfully loaded Mixin Connector [com.robertx22.library_of_exile.MixinConnector]
[12:22:06] [main/INFO]: Propagating FML mod list to Fabric Loader
[12:22:06] [main/INFO]: Launching target 'forgeclient' with arguments [--version, forge-47.4.0, --gameDir, D:\curseforge_minecraft\Instances\Build my world, --assetsDir, D:\curseforge_minecraft\Install\assets, --uuid, facba8e826bb4e769390fd76512c428e, --username, Gyomci, --assetIndex, 5, --accessToken, ????????, --clientId, fa9276-9f00cd-7c69fa-c5490c-ae1602, --xuid, 2535449832448927, --userType, msa, --versionType, release, --width, 1024, --height, 768]
[12:22:06] [main/WARN]: Reference map 'createdeco-forge-refmap.json' for createdeco.mixins.json could not be read. If this is a development environment you can ignore this message
[12:22:06] [main/INFO]: Loaded configuration file for ModernFix 5.20.2+mc1.20.1: 87 options available, 0 override(s) found
[12:22:06] [main/INFO]: Applying Nashorn fix
[12:22:06] [main/INFO]: Applied Forge config corruption patch
[12:22:06] [main/INFO]: Loaded configuration file for Embeddium: 337 options available, 3 override(s) found
[12:22:06] [main/INFO]: Searching for graphics cards...
[12:22:06] [main/INFO]: Found graphics card: GraphicsAdapterInfo[vendor=AMD, name=AMD Radeon RX 6900 XT, version=DriverVersion=32.0.12033.1030]
[12:22:06] [main/WARN]: Reference map 'lmft-common-refmap.json' for lmft-common.mixins.json could not be read. If this is a development environment you can ignore this message
[12:22:06] [main/WARN]: Reference map 'createmoredrillheads.refmap.json' for createmoredrillheads.mixins.json could not be read. If this is a development environment you can ignore this message
[12:22:06] [main/WARN]: Reference map 'nitrogen_internals.refmap.json' for nitrogen_internals.mixins.json could not be read. If this is a development environment you can ignore this message
[12:22:06] [main/WARN]: Reference map 'EpheroLib-refmap.json' for epherolib.mixins.json could not be read. If this is a development environment you can ignore this message
[12:22:06] [main/WARN]: Reference map 'tfmg.refmap.json' for design_decor.mixins.json could not be read. If this is a development environment you can ignore this message
[12:22:06] [main/WARN]: Reference map 'puzzlesaccessapi.common.refmap.json' for puzzlesaccessapi.common.mixins.json could not be read. If this is a development environment you can ignore this message
[12:22:06] [main/WARN]: Reference map 'mixins.delightfulburgers.refmap.json' for mixins.delightfulburgers.json could not be read. If this is a development environment you can ignore this message
[12:22:06] [main/WARN]: Reference map 'farmersrespite.refmap.json' for farmersrespite.mixins.json could not be read. If this is a development environment you can ignore this message
[12:22:06] [main/INFO]: Loading 292 mods:
	- accessories 1.0.0-beta46+1.20.1
		|-- fabric_entity_events_v1 1.6.0+6274ab9d77
		\-- fabric_object_builder_api_v1 11.1.3+2174fc8477
	- aether 1.20.1-1.5.2-neoforge
		|-- cumulus_menus 1.20.1-1.0.1-neoforge
		\-- nitrogen_internals 1.20.1-1.0.12-neoforge
	- aether_villages 1.0.7
	- aetherdelight 1.0.0
	- aiimprovements 0.5.2
	- akashictome 1.7-27
	- alexsdelight 1.5
	- alexsmobs 1.22.9
	- amendments 1.20-1.2.19
	- appleskin 2.5.1+mc1.20.1
	- aquaculture 2.5.5
	- aquaculturedelight 1.1.1
	- aquamirae 6.API15
	- aquamirae_delight 1.5.2
	- architectury 9.2.14
	- artifacts 9.5.14
		\-- expandability 9.0.4
	- athena 3.1.2
	- atlaslib 1.1.12
	- attributefix 21.0.4
	- balm 7.3.20
		\-- kuma_api 20.1.8
	- betterwithminecolonies 1.20-1.19.19
	- biomesoplenty 19.0.0.95
	- blockui 1.20.1-1.0.156-RELEASE
	- bobberdetector 0.1.9.1.20.1
	- bookshelf 20.2.13
	- born_in_chaos_v1 1.6.3
	- borninchaosdelight 1.0.3.1-1.20.1
	- botarium 2.3.4
	- bridgingmod 2.5.1+1.20.1
	- butchersdelightfoods 1.20.11.0.3
	- carryon 2.1.2.7
	- catalogue 1.8.0
	- chipped 3.0.7
	- chunksending 1.20.1-2.8
	- citadel 2.6.1
	- cleanswing 1.8
	- cloth_config 11.1.136
	- clumps 12.0.0.4
	- collective 7.94
	- comforts 6.4.0+1.20.1
	- configured 2.2.3
	- connectivity 1.20.1-7.1
	- constructionwand 1.20.1-2.11
	- controlling 12.0.2
	- cookingforblockheads 16.0.13
	- copycats 2.2.2+mc.1.20.1-forge
	- corn_delight 1.1.6-1.20.1
	- coroutil 1.20.1-1.3.7
	- corpse 1.20.1-1.0.20
	- corpsecurioscompat 2.2.2
	- crabbersdelight 1.1.7d
	- create 6.0.4
		|-- flywheel 1.0.2
		\-- ponder 1.0.52
	- create_better_motors 2.0.2
	- create_central_kitchen 1.3.13
		|-- create_dragon_lib 1.4.3
		\-- mixinextras 0.2.0
	- create_connected 0.9.4-mc1.20.1
	- create_crush_everything 1.0.2
	- create_curios_backtank 1.0.1
	- create_dd 0.1b.Release-Early-Dev
	- create_easy_structures 0.2
	- create_enchantment_industry 1.3.2-for-create-6.0.3
	- create_extra_casing 4.0.2-Forge-1.20.1
	- create_mechanical_extruder 1.20.1-1.6.5-6.0.2
	- create_new_age 1.1.3
	- create_oxidized 0.1.2
	- create_things_and_misc 1.0.0
	- create_waystones_recipes 1.0.1.b
	- createaddition 1.20.1-1.3.1
	- createcasing 1.7.0-fix1
	- createdeco 2.0.2-1.20.1-forge
	- createfood 1.1.10-forge
	- createmoredrillheads 2.0.3-1.20.1
	- createoreexcavation 1.6.2
	- createrailwaysnavigator 1.20.1-beta-0.7.2
		\-- dragonlib 1.20.1-2.2.24
	- croptopia 3.0.4
	- culllessleaves 1.20.1-1.0.5
	- culturaldelights 0.16.3
	- cupboard 1.20.1-2.7
	- curios 5.12.1+1.20.1
	- darkness 2.0.103
	- delightful 3.7.1
	- delightfulburgers 1.20.1
	- delightfulsandwich 1.20.1
	- design_decor 0.4.0b
	- diagonalfences 8.1.5
		\-- diagonalblocks 8.0.6
	- domum_ornamentum 1.20.1-1.0.284-snapshot
	- dtaether 1.20.1-1.3.1
	- dtbop 1.20.1-3.3.2
	- dtcroptopia 1.20.1-1.0.0
	- dtquark 1.20.1-2.5.3
	- dtvinery 1.1.1
	- dungeon_realm 1.0.3
	- dungeoncrawl 2.3.15
	- dynamictrees 1.20.1-1.4.1
	- dynamictreesplus 1.20.1-1.2.0-BETA3
	- dynamicvillage 0.4
	- easier_sleeping 2.1.3
	- embeddium 0.3.31+mc1.20.1
		\-- rubidium 0.7.1
	- enchdesc 17.1.19
	- endersdelight 1.0.3
	- ends_delight 2.4
	- entityculling 1.7.3
	- epherolib 0.1.2
	- farmers_croptopia 2.0.0
	- farmers_structures 1.0.0
	- farmersdelight 1.20.1-1.2.7
	- farmersrespite 1.20.1-2.1
	- farmingforblockheads 14.0.2
	- fastasyncworldsave 1.20.1-2.4
	- ferritecore 6.0.1
	- forge 47.4.0
	- framework 0.7.12
	- frightsdelight 1.3.1
		\-- midnightlib 1.4.2
	- ftbbackups2 1.0.23
	- ftbchunks 2001.3.5
	- ftbessentials 2001.2.2
	- ftblibrary 2001.2.9
	- ftbqoptimizer 2.0.5-1.20.1
	- ftbquestlocalizer 3.2.0
	- ftbquests 2001.4.12
	- ftbteams 2001.3.1
	- ftbultimine 2001.1.5
	- ftbxmodcompat 2.1.2
	- fusion 1.2.5
	- geckolib 4.7.1.1
	- glitchcore 0.0.1.1
	- glodium 1.20-1.5-forge
	- goblintraders 1.9.3
	- hordes 1.5.4
	- idas 1.11.1+1.20.1
	- imfast 1.0.2
	- immersive_cooking 2.0.1
	- immersiveengineering 1.20.1-10.2.0-183
	- immersiveengineeringstructures 1.0.1-1.20.1
	- immersivelanterns 1.0.6
	- integrated_api 1.5.2+1.20.1-forge
	- jade 11.12.3+forge
	- jadecolonies 1.4.2
	- jei 15.20.0.106
	- jeimultiblocks 1.0.4
	- jeresources 1.4.0.247
	- jumpboat 1.20.0-1.0.5
	- justenoughprofessions 3.0.1
	- kotlinforforge 4.11.0
	- kubejs 2001.6.5-build.16
	- kubejs_create 2001.3.0-build.8
	- largemeals 1.20.1-1.3.0
	- library_of_exile 2.0.4
	- lmft 1.0.4+1.20.1
	- mantle 1.11.44
	- mclogs 1.4.2-1.20
	- minecolonies 1.20.1-1.1.835-snapshot
	- minecolonies_compatibility 2.66
	- minecolonies_hordes 1.0
	- minecolonies_tweaks 2.54
	- minecraft 1.20.1
	- mmorpg 6.2.2
	- modelfix 1.15
	- modernfix 5.20.2+mc1.20.1
	- molten_metals 1.20.1-0.1.4
	- molten_vents 2.0.9
	- moonlight 1.20-2.13.79
	- moredelight 25.01.13-1.20-forge
	- mousetweaks 2.25.1
	- mr_lithosphere 1.4
	- multimine 1.20.1.4
	- multipiston 1.20-1.2.43-RELEASE
	- mynethersdelight 1.20.1-1.7.5
	- mysterious_mountain_lib 1.5.19-1.20.1
	- naturescompass 1.20.1-1.11.2-forge
	- nethersdelight 1.20.1-4.0
	- nethervillagertrader 1.2.0
	- nethervinery 1.2.17
	- obscure_api 15
	- oceanic_delight 1.0.3
	- oceansdelight 1.0.2-1.20
	- oculus 1.8.0
	- patchouli 1.20.1-84.1-FORGE
	- photon 1.1.4
		\-- ldlib 1.0.35
	- pickupnotifier 8.0.0
	- playeranimator 1.0.2-rc1+1.20
	- polylib 2000.0.3-build.143
	- polymorph 0.49.8+1.20.1
		\-- spectrelib 0.13.17+1.20.1
	- portablecraftingtable 3.2.2-[FORGE]
	- probejs 6.0.1
	- protection_pixel 1.1.6
	- puzzleslib 8.1.29
		\-- puzzlesaccessapi 20.1.1
	- quark 4.0-461
	- quarkdelight 1.0.0
	- railways 1.6.7+forge-mc1.20.1
	- ratatouille 1.0
	- realmrpg_demons 0.9.0
	- rechiseled 1.1.6
	- rechiseled_chipped 1.1
	- rechiseledcreate 1.0.2
	- resourcefullib 2.1.29
	- responsiveshields 2.3
	- rhino 2001.2.3-build.10
	- rrls 4.0.6.1+mc1.20.1-forge
	- seadwellers 2.9.9
	- searchables 1.0.3
	- sebastrnlib 4.0.0
	- simpleplanes 1.20.1-5.3.3
	- sliceanddice 3.4.0
	- smarterfarmers 1.20-2.1.0
	- smoothchunk 1.20.1-4.1
	- sodiumdynamiclights 1.0.9
	- sodiumoptionsapi 1.0.10
		\-- fabric_api_base 0.4.31+ef105b4977
	- sophisticatedbackpacks 3.23.6.1211
	- sophisticatedcore 1.2.23.902
	- storagedelight 25.03.09-1.20-forge
	- structureessentials 1.20.1-4.5
	- structurize 1.20.1-1.0.765-snapshot
	- stylecolonies 1.12
	- supermartijn642configlib 1.1.8
	- supermartijn642corelib 1.1.18
	- supplementaries 1.20-3.1.21
		\-- mixinsquared 0.1.1
	- tconstruct 3.9.2.37
	- terrablender 3.0.1.10
	- tfmg 0.9.3-1.20.1
	- the_harvest 1.0.0
	- tmted 1.0.4
	- towntalk 1.1.0
	- trowelsfork 2.0.0
	- txnilib 1.0.23
		|-- fabric_api 0.92.2+1.11.12+1.20.1
		|-- fabric_api_lookup_api_v1 1.6.36+67f9824077
		|-- fabric_biome_api_v1 13.0.13+dc36698e77
		|-- fabric_block_api_v1 1.0.11+0e6cb7f777
		|-- fabric_block_view_api_v2 1.0.1+0767707077
		|-- fabric_blockrenderlayer_v1 1.1.41+1d0da21e77
		|-- fabric_client_tags_api_v1 1.1.2+5d6761b877
		|-- fabric_command_api_v1 1.2.34+f71b366f77
		|-- fabric_command_api_v2 2.2.13+561530ec77
		|-- fabric_content_registries_v0 4.0.11+a670df1e77
		|-- fabric_convention_tags_v1 1.5.5+fa3d1c0177
		|-- fabric_data_attachment_api_v1 1.0.0+30ef839e77
		|-- fabric_data_generation_api_v1 12.3.4+369cb3a477
		|-- fabric_dimensions_v1 2.1.54+8005d10d77
		|-- fabric_events_interaction_v0 0.6.2+0d0bd5a777
		|-- fabric_game_rule_api_v1 1.0.40+683d4da877
		|-- fabric_item_api_v1 2.1.28+4d0bbcfa77
		|-- fabric_item_group_api_v1 4.0.12+c9161c2d77
		|-- fabric_key_binding_api_v1 1.0.37+561530ec77
		|-- fabric_lifecycle_events_v1 2.2.22+afab492177
		|-- fabric_loot_api_v2 1.2.1+eb28f93e77
		|-- fabric_message_api_v1 5.1.9+52cc178c77
		|-- fabric_mining_level_api_v1 2.1.50+561530ec77
		|-- fabric_model_loading_api_v1 1.0.3+6274ab9d77
		|-- fabric_models_v0 0.4.2+7c3892a477
		|-- fabric_networking_api_v1 1.3.11+503a202477
		|-- fabric_particles_v1 1.1.2+78e1ecb877
		|-- fabric_recipe_api_v1 1.0.21+514a076577
		|-- fabric_registry_sync_v0 2.3.3+1c0ea72177
		|-- fabric_renderer_api_v1 3.2.1+cf68abbe77
		|-- fabric_renderer_indigo 1.5.2+b5b2da4177
		|-- fabric_rendering_data_attachment_v1 0.3.37+a6081afc77
		|-- fabric_rendering_fluids_v1 3.0.28+4ac5e37a77
		|-- fabric_rendering_v1 3.0.8+66e9a48f77
		|-- fabric_resource_conditions_api_v1 2.3.8+9e342fc177
		|-- fabric_resource_loader_v0 0.11.10+bcd08ed377
		|-- fabric_screen_api_v1 2.0.8+45a670a577
		|-- fabric_screen_handler_api_v1 1.3.30+561530ec77
		|-- fabric_sound_api_v1 1.0.13+4f23bd8477
		|-- fabric_transfer_api_v1 3.3.5+631c9cd677
		\-- fabric_transitive_access_wideners_v1 4.3.1+1880499877
	- ubesdelight 0.3.4
	- villagespawnpoint 4.5
	- vinery 1.4.39
	- visualworkbench 8.0.0
	- watut 1.20.1-1.2.3
	- waystones 14.1.11
	- worldedit 7.2.15+6463-5ca4dff
	- yet_another_config_lib_v3 3.6.5+1.20.1-forge
	- zeta 1.0-28
[12:22:06] [main/WARN]: Reference map 'Aquamirae.refmap.json' for aquamirae.mixins.json could not be read. If this is a development environment you can ignore this message
[12:22:06] [main/WARN]: Reference map 'cookingforblockheads.refmap.json' for cookingforblockheads.mixins.json could not be read. If this is a development environment you can ignore this message
[12:22:06] [main/WARN]: Reference map 'rechiseledchipped.refmap.json' for rechiseled_chipped.mixins.json could not be read. If this is a development environment you can ignore this message
[12:22:06] [main/WARN]: Reference map 'tfmg.refmap.json' for tfmg.mixins.json could not be read. If this is a development environment you can ignore this message
[12:22:06] [main/WARN]: Reference map 'mixins.betterstacking.refmap.json' for mixins.delightfulsandwich.json could not be read. If this is a development environment you can ignore this message
[12:22:06] [main/WARN]: Reference map 'nethervinery-common-refmap.json' for nethervinery-common.mixins.json could not be read. If this is a development environment you can ignore this message
[12:22:06] [main/WARN]: Reference map 'FTBQuestsOptimizer.refmap.json' for ftbqoptimizer.mixins.json could not be read. If this is a development environment you can ignore this message
[12:22:06] [main/WARN]: Reference map 'probejs-forge-refmap.json' for probejs.mixins.json could not be read. If this is a development environment you can ignore this message
[12:22:06] [main/WARN]: Reference map 'dtvinery.refmap.json' for dtvinery.mixins.json could not be read. If this is a development environment you can ignore this message
[12:22:06] [main/WARN]: Reference map 'molten_metals-common-refmap.json' for molten_metals-common.mixins.json could not be read. If this is a development environment you can ignore this message
[12:22:06] [main/WARN]: Reference map 'coroutil.refmap.json' for coroutil.mixins.json could not be read. If this is a development environment you can ignore this message
[12:22:07] [main/WARN]: Error loading class: mekanism/client/render/entity/RenderFlame (java.lang.ClassNotFoundException: mekanism.client.render.entity.RenderFlame)
[12:22:07] [main/WARN]: Error loading class: mekanism/client/render/armor/MekaSuitArmor (java.lang.ClassNotFoundException: mekanism.client.render.armor.MekaSuitArmor)
[12:22:08] [main/INFO]: Loaded config for: structureessentials.json
